[0.950s] DEBUG:colcon:Command line arguments: ['/usr/bin/colcon', 'build', '--packages-select', 'vision_guard_msgs', '--cmake-args', '-DPYTHON_EXECUTABLE=/usr/bin/python3']
[0.950s] DEBUG:colcon:Parsed command line arguments: Namespace(log_base=None, log_level=None, verb_name='build', build_base='build', install_base='install', merge_install=False, symlink_install=False, test_result_base=None, continue_on_error=False, executor='parallel', parallel_workers=4, event_handlers=None, ignore_user_meta=False, metas=['./colcon.meta'], base_paths=['.'], packages_ignore=None, packages_ignore_regex=None, paths=None, packages_up_to=None, packages_up_to_regex=None, packages_above=None, packages_above_and_dependencies=None, packages_above_depth=None, packages_select_by_dep=None, packages_skip_by_dep=None, packages_skip_up_to=None, packages_select_build_failed=False, packages_skip_build_finished=False, packages_select_test_failures=False, packages_skip_test_passed=False, packages_select=['vision_guard_msgs'], packages_skip=None, packages_select_regex=None, packages_skip_regex=None, packages_start=None, packages_end=None, allow_overriding=[], cmake_args=['-DPYTHON_EXECUTABLE=/usr/bin/python3'], cmake_target=None, cmake_target_skip_unavailable=False, cmake_clean_cache=False, cmake_clean_first=False, cmake_force_configure=False, ament_cmake_args=None, catkin_cmake_args=None, catkin_skip_building_tests=False, mixin_files=None, mixin=None, verb_parser=<colcon_mixin.mixin.mixin_argument.MixinArgumentDecorator object at 0x719215a953a0>, verb_extension=<colcon_core.verb.build.BuildVerb object at 0x719215a3e570>, main=<bound method BuildVerb.main of <colcon_core.verb.build.BuildVerb object at 0x719215a3e570>>, mixin_verb=('build',))
[1.032s] Level 1:colcon.colcon_core.package_discovery:discover_packages(colcon_meta) check parameters
[1.032s] Level 1:colcon.colcon_core.package_discovery:discover_packages(recursive) check parameters
[1.033s] Level 1:colcon.colcon_core.package_discovery:discover_packages(ignore) check parameters
[1.033s] Level 1:colcon.colcon_core.package_discovery:discover_packages(path) check parameters
[1.033s] Level 1:colcon.colcon_core.package_discovery:discover_packages(colcon_meta) discover
[1.033s] Level 1:colcon.colcon_core.package_discovery:discover_packages(recursive) discover
[1.033s] INFO:colcon.colcon_core.package_discovery:Crawling recursively for packages in '/home/ironcladhealer769/Vision-Guard-using-ROS2-Jazzy'
[1.033s] Level 1:colcon.colcon_core.package_identification:_identify(.) by extensions ['ignore', 'ignore_ament_install']
[1.034s] Level 1:colcon.colcon_core.package_identification:_identify(.) by extension 'ignore'
[1.034s] Level 1:colcon.colcon_core.package_identification:_identify(.) by extension 'ignore_ament_install'
[1.034s] Level 1:colcon.colcon_core.package_identification:_identify(.) by extensions ['colcon_pkg']
[1.034s] Level 1:colcon.colcon_core.package_identification:_identify(.) by extension 'colcon_pkg'
[1.034s] Level 1:colcon.colcon_core.package_identification:_identify(.) by extensions ['colcon_meta']
[1.034s] Level 1:colcon.colcon_core.package_identification:_identify(.) by extension 'colcon_meta'
[1.034s] Level 1:colcon.colcon_core.package_identification:_identify(.) by extensions ['ros']
[1.035s] Level 1:colcon.colcon_core.package_identification:_identify(.) by extension 'ros'
[1.091s] Level 1:colcon.colcon_core.package_identification:_identify(.) by extensions ['cmake', 'python']
[1.091s] Level 1:colcon.colcon_core.package_identification:_identify(.) by extension 'cmake'
[1.091s] Level 1:colcon.colcon_core.package_identification:_identify(.) by extension 'python'
[1.091s] Level 1:colcon.colcon_core.package_identification:_identify(.) by extensions ['python_setup_py']
[1.091s] Level 1:colcon.colcon_core.package_identification:_identify(.) by extension 'python_setup_py'
[1.091s] Level 1:colcon.colcon_core.package_identification:_identify(build) by extensions ['ignore', 'ignore_ament_install']
[1.091s] Level 1:colcon.colcon_core.package_identification:_identify(build) by extension 'ignore'
[1.092s] Level 1:colcon.colcon_core.package_identification:_identify(build) ignored
[1.092s] Level 1:colcon.colcon_core.package_identification:_identify(install) by extensions ['ignore', 'ignore_ament_install']
[1.092s] Level 1:colcon.colcon_core.package_identification:_identify(install) by extension 'ignore'
[1.092s] Level 1:colcon.colcon_core.package_identification:_identify(install) ignored
[1.092s] Level 1:colcon.colcon_core.package_identification:_identify(log) by extensions ['ignore', 'ignore_ament_install']
[1.092s] Level 1:colcon.colcon_core.package_identification:_identify(log) by extension 'ignore'
[1.093s] Level 1:colcon.colcon_core.package_identification:_identify(log) ignored
[1.093s] Level 1:colcon.colcon_core.package_identification:_identify(src) by extensions ['ignore', 'ignore_ament_install']
[1.093s] Level 1:colcon.colcon_core.package_identification:_identify(src) by extension 'ignore'
[1.093s] Level 1:colcon.colcon_core.package_identification:_identify(src) by extension 'ignore_ament_install'
[1.093s] Level 1:colcon.colcon_core.package_identification:_identify(src) by extensions ['colcon_pkg']
[1.093s] Level 1:colcon.colcon_core.package_identification:_identify(src) by extension 'colcon_pkg'
[1.093s] Level 1:colcon.colcon_core.package_identification:_identify(src) by extensions ['colcon_meta']
[1.093s] Level 1:colcon.colcon_core.package_identification:_identify(src) by extension 'colcon_meta'
[1.093s] Level 1:colcon.colcon_core.package_identification:_identify(src) by extensions ['ros']
[1.093s] Level 1:colcon.colcon_core.package_identification:_identify(src) by extension 'ros'
[1.094s] Level 1:colcon.colcon_core.package_identification:_identify(src) by extensions ['cmake', 'python']
[1.094s] Level 1:colcon.colcon_core.package_identification:_identify(src) by extension 'cmake'
[1.094s] Level 1:colcon.colcon_core.package_identification:_identify(src) by extension 'python'
[1.094s] Level 1:colcon.colcon_core.package_identification:_identify(src) by extensions ['python_setup_py']
[1.094s] Level 1:colcon.colcon_core.package_identification:_identify(src) by extension 'python_setup_py'
[1.094s] Level 1:colcon.colcon_core.package_identification:_identify(src/vision_guard) by extensions ['ignore', 'ignore_ament_install']
[1.094s] Level 1:colcon.colcon_core.package_identification:_identify(src/vision_guard) by extension 'ignore'
[1.095s] Level 1:colcon.colcon_core.package_identification:_identify(src/vision_guard) by extension 'ignore_ament_install'
[1.095s] Level 1:colcon.colcon_core.package_identification:_identify(src/vision_guard) by extensions ['colcon_pkg']
[1.095s] Level 1:colcon.colcon_core.package_identification:_identify(src/vision_guard) by extension 'colcon_pkg'
[1.095s] Level 1:colcon.colcon_core.package_identification:_identify(src/vision_guard) by extensions ['colcon_meta']
[1.095s] Level 1:colcon.colcon_core.package_identification:_identify(src/vision_guard) by extension 'colcon_meta'
[1.095s] Level 1:colcon.colcon_core.package_identification:_identify(src/vision_guard) by extensions ['ros']
[1.095s] Level 1:colcon.colcon_core.package_identification:_identify(src/vision_guard) by extension 'ros'
[1.096s] DEBUG:colcon.colcon_core.package_identification:Failed to parse potential ROS package manifest in'src/vision_guard': Error(s) in package 'src/vision_guard/package.xml':
The manifest contains invalid XML:
no element found: line 1, column 0
[1.097s] Level 1:colcon.colcon_core.package_identification:_identify(src/vision_guard) by extensions ['cmake', 'python']
[1.097s] Level 1:colcon.colcon_core.package_identification:_identify(src/vision_guard) by extension 'cmake'
[1.097s] Level 1:colcon.colcon_core.package_identification:_identify(src/vision_guard) by extension 'python'
[1.097s] DEBUG:colcon.colcon_core.package_identification:Python package in 'src/vision_guard' passes arguments to the setup() function which requires a different identification extension than 'python'
[1.097s] Level 1:colcon.colcon_core.package_identification:_identify(src/vision_guard) by extensions ['python_setup_py']
[1.097s] Level 1:colcon.colcon_core.package_identification:_identify(src/vision_guard) by extension 'python_setup_py'
[1.496s] ERROR:colcon.colcon_core.package_identification:Exception in package identification extension 'python_setup_py' in 'src/vision_guard': Command '['/usr/bin/python3', '-c', 'import sys;from contextlib import suppress;exec("with suppress(ImportError):    from setuptools.extern.packaging.specifiers    import SpecifierSet");exec("with suppress(ImportError):    from packaging.specifiers import SpecifierSet");from distutils.core import run_setup;dist = run_setup(    \'setup.py\', script_args=(\'--dry-run\',), stop_after=\'config\');skip_keys = (\'cmdclass\', \'distclass\', \'ext_modules\', \'metadata\');data = {    key: value for key, value in dist.__dict__.items()     if (        not key.startswith(\'_\') and         not callable(value) and         key not in skip_keys and         key not in dist.display_option_names    )};data[\'metadata\'] = {    k: v for k, v in dist.metadata.__dict__.items()     if k not in (\'license_files\', \'provides_extras\')};sys.stdout.buffer.write(repr(data).encode(\'utf-8\'))']' returned non-zero exit status 1.
Traceback (most recent call last):
  File "/usr/lib/python3/dist-packages/colcon_core/package_identification/__init__.py", line 144, in _identify
    retval = extension.identify(_reused_descriptor_instance)
             ^^^^^^^^^^^^^^^^^^^^^^^^^^^^^^^^^^^^^^^^^^^^^^^
  File "/usr/lib/python3/dist-packages/colcon_python_setup_py/package_identification/python_setup_py.py", line 48, in identify
    config = get_setup_information(setup_py)
             ^^^^^^^^^^^^^^^^^^^^^^^^^^^^^^^
  File "/usr/lib/python3/dist-packages/colcon_python_setup_py/package_identification/python_setup_py.py", line 249, in get_setup_information
    _setup_information_cache[hashable_env] = _get_setup_information(
                                             ^^^^^^^^^^^^^^^^^^^^^^^
  File "/usr/lib/python3/dist-packages/colcon_python_setup_py/package_identification/python_setup_py.py", line 296, in _get_setup_information
    result = subprocess.run(
             ^^^^^^^^^^^^^^^
  File "/usr/lib/python3.12/subprocess.py", line 571, in run
    raise CalledProcessError(retcode, process.args,
subprocess.CalledProcessError: Command '['/usr/bin/python3', '-c', 'import sys;from contextlib import suppress;exec("with suppress(ImportError):    from setuptools.extern.packaging.specifiers    import SpecifierSet");exec("with suppress(ImportError):    from packaging.specifiers import SpecifierSet");from distutils.core import run_setup;dist = run_setup(    \'setup.py\', script_args=(\'--dry-run\',), stop_after=\'config\');skip_keys = (\'cmdclass\', \'distclass\', \'ext_modules\', \'metadata\');data = {    key: value for key, value in dist.__dict__.items()     if (        not key.startswith(\'_\') and         not callable(value) and         key not in skip_keys and         key not in dist.display_option_names    )};data[\'metadata\'] = {    k: v for k, v in dist.metadata.__dict__.items()     if k not in (\'license_files\', \'provides_extras\')};sys.stdout.buffer.write(repr(data).encode(\'utf-8\'))']' returned non-zero exit status 1.

[1.497s] Level 1:colcon.colcon_core.package_identification:_identify(src/vision_guard/launch) by extensions ['ignore', 'ignore_ament_install']
[1.497s] Level 1:colcon.colcon_core.package_identification:_identify(src/vision_guard/launch) by extension 'ignore'
[1.498s] Level 1:colcon.colcon_core.package_identification:_identify(src/vision_guard/launch) by extension 'ignore_ament_install'
[1.498s] Level 1:colcon.colcon_core.package_identification:_identify(src/vision_guard/launch) by extensions ['colcon_pkg']
[1.498s] Level 1:colcon.colcon_core.package_identification:_identify(src/vision_guard/launch) by extension 'colcon_pkg'
[1.498s] Level 1:colcon.colcon_core.package_identification:_identify(src/vision_guard/launch) by extensions ['colcon_meta']
[1.498s] Level 1:colcon.colcon_core.package_identification:_identify(src/vision_guard/launch) by extension 'colcon_meta'
[1.498s] Level 1:colcon.colcon_core.package_identification:_identify(src/vision_guard/launch) by extensions ['ros']
[1.499s] Level 1:colcon.colcon_core.package_identification:_identify(src/vision_guard/launch) by extension 'ros'
[1.499s] Level 1:colcon.colcon_core.package_identification:_identify(src/vision_guard/launch) by extensions ['cmake', 'python']
[1.499s] Level 1:colcon.colcon_core.package_identification:_identify(src/vision_guard/launch) by extension 'cmake'
[1.499s] Level 1:colcon.colcon_core.package_identification:_identify(src/vision_guard/launch) by extension 'python'
[1.499s] Level 1:colcon.colcon_core.package_identification:_identify(src/vision_guard/launch) by extensions ['python_setup_py']
[1.499s] Level 1:colcon.colcon_core.package_identification:_identify(src/vision_guard/launch) by extension 'python_setup_py'
[1.499s] Level 1:colcon.colcon_core.package_identification:_identify(src/vision_guard/vision_guard) by extensions ['ignore', 'ignore_ament_install']
[1.500s] Level 1:colcon.colcon_core.package_identification:_identify(src/vision_guard/vision_guard) by extension 'ignore'
[1.500s] Level 1:colcon.colcon_core.package_identification:_identify(src/vision_guard/vision_guard) by extension 'ignore_ament_install'
[1.500s] Level 1:colcon.colcon_core.package_identification:_identify(src/vision_guard/vision_guard) by extensions ['colcon_pkg']
[1.500s] Level 1:colcon.colcon_core.package_identification:_identify(src/vision_guard/vision_guard) by extension 'colcon_pkg'
[1.501s] Level 1:colcon.colcon_core.package_identification:_identify(src/vision_guard/vision_guard) by extensions ['colcon_meta']
[1.501s] Level 1:colcon.colcon_core.package_identification:_identify(src/vision_guard/vision_guard) by extension 'colcon_meta'
[1.501s] Level 1:colcon.colcon_core.package_identification:_identify(src/vision_guard/vision_guard) by extensions ['ros']
[1.501s] Level 1:colcon.colcon_core.package_identification:_identify(src/vision_guard/vision_guard) by extension 'ros'
[1.501s] Level 1:colcon.colcon_core.package_identification:_identify(src/vision_guard/vision_guard) by extensions ['cmake', 'python']
[1.501s] Level 1:colcon.colcon_core.package_identification:_identify(src/vision_guard/vision_guard) by extension 'cmake'
[1.501s] Level 1:colcon.colcon_core.package_identification:_identify(src/vision_guard/vision_guard) by extension 'python'
[1.501s] Level 1:colcon.colcon_core.package_identification:_identify(src/vision_guard/vision_guard) by extensions ['python_setup_py']
[1.502s] Level 1:colcon.colcon_core.package_identification:_identify(src/vision_guard/vision_guard) by extension 'python_setup_py'
[1.502s] Level 1:colcon.colcon_core.package_identification:_identify(src/vision_guard_msgs) by extensions ['ignore', 'ignore_ament_install']
[1.502s] Level 1:colcon.colcon_core.package_identification:_identify(src/vision_guard_msgs) by extension 'ignore'
[1.502s] Level 1:colcon.colcon_core.package_identification:_identify(src/vision_guard_msgs) by extension 'ignore_ament_install'
[1.502s] Level 1:colcon.colcon_core.package_identification:_identify(src/vision_guard_msgs) by extensions ['colcon_pkg']
[1.502s] Level 1:colcon.colcon_core.package_identification:_identify(src/vision_guard_msgs) by extension 'colcon_pkg'
[1.503s] Level 1:colcon.colcon_core.package_identification:_identify(src/vision_guard_msgs) by extensions ['colcon_meta']
[1.503s] Level 1:colcon.colcon_core.package_identification:_identify(src/vision_guard_msgs) by extension 'colcon_meta'
[1.503s] Level 1:colcon.colcon_core.package_identification:_identify(src/vision_guard_msgs) by extensions ['ros']
[1.503s] Level 1:colcon.colcon_core.package_identification:_identify(src/vision_guard_msgs) by extension 'ros'
[1.506s] DEBUG:colcon.colcon_core.package_identification:Package 'src/vision_guard_msgs' with type 'ros.ament_cmake' and name 'vision_guard_msgs'
[1.506s] Level 1:colcon.colcon_core.package_identification:_identify(venv) by extensions ['ignore', 'ignore_ament_install']
[1.506s] Level 1:colcon.colcon_core.package_identification:_identify(venv) by extension 'ignore'
[1.506s] Level 1:colcon.colcon_core.package_identification:_identify(venv) ignored
[1.507s] Level 1:colcon.colcon_core.package_discovery:discover_packages(recursive) using defaults
[1.507s] Level 1:colcon.colcon_core.package_discovery:discover_packages(ignore) discover
[1.507s] Level 1:colcon.colcon_core.package_discovery:discover_packages(ignore) using defaults
[1.507s] Level 1:colcon.colcon_core.package_discovery:discover_packages(path) discover
[1.507s] Level 1:colcon.colcon_core.package_discovery:discover_packages(path) using defaults
[1.549s] Level 1:colcon.colcon_core.package_discovery:discover_packages(prefix_path) check parameters
[1.549s] Level 1:colcon.colcon_core.package_discovery:discover_packages(prefix_path) discover
[1.560s] DEBUG:colcon.colcon_installed_package_information.package_discovery:Found 287 installed packages in /opt/ros/jazzy
[1.563s] Level 1:colcon.colcon_core.package_discovery:discover_packages(prefix_path) using defaults
[1.788s] Level 5:colcon.colcon_core.verb:set package 'vision_guard_msgs' build argument 'cmake_args' from command line to '['-DPYTHON_EXECUTABLE=/usr/bin/python3']'
[1.788s] Level 5:colcon.colcon_core.verb:set package 'vision_guard_msgs' build argument 'cmake_target' from command line to 'None'
[1.789s] Level 5:colcon.colcon_core.verb:set package 'vision_guard_msgs' build argument 'cmake_target_skip_unavailable' from command line to 'False'
[1.789s] Level 5:colcon.colcon_core.verb:set package 'vision_guard_msgs' build argument 'cmake_clean_cache' from command line to 'False'
[1.790s] Level 5:colcon.colcon_core.verb:set package 'vision_guard_msgs' build argument 'cmake_clean_first' from command line to 'False'
[1.790s] Level 5:colcon.colcon_core.verb:set package 'vision_guard_msgs' build argument 'cmake_force_configure' from command line to 'False'
[1.790s] Level 5:colcon.colcon_core.verb:set package 'vision_guard_msgs' build argument 'ament_cmake_args' from command line to 'None'
[1.790s] Level 5:colcon.colcon_core.verb:set package 'vision_guard_msgs' build argument 'catkin_cmake_args' from command line to 'None'
[1.790s] Level 5:colcon.colcon_core.verb:set package 'vision_guard_msgs' build argument 'catkin_skip_building_tests' from command line to 'False'
[1.790s] DEBUG:colcon.colcon_core.verb:Building package 'vision_guard_msgs' with the following arguments: {'ament_cmake_args': None, 'build_base': '/home/ironcladhealer769/Vision-Guard-using-ROS2-Jazzy/build/vision_guard_msgs', 'catkin_cmake_args': None, 'catkin_skip_building_tests': False, 'cmake_args': ['-DPYTHON_EXECUTABLE=/usr/bin/python3'], 'cmake_clean_cache': False, 'cmake_clean_first': False, 'cmake_force_configure': False, 'cmake_target': None, 'cmake_target_skip_unavailable': False, 'install_base': '/home/ironcladhealer769/Vision-Guard-using-ROS2-Jazzy/install/vision_guard_msgs', 'merge_install': False, 'path': '/home/ironcladhealer769/Vision-Guard-using-ROS2-Jazzy/src/vision_guard_msgs', 'symlink_install': False, 'test_result_base': None}
[1.790s] INFO:colcon.colcon_core.executor:Executing jobs using 'parallel' executor
[1.792s] DEBUG:colcon.colcon_parallel_executor.executor.parallel:run_until_complete
[1.793s] INFO:colcon.colcon_ros.task.ament_cmake.build:Building ROS package in '/home/ironcladhealer769/Vision-Guard-using-ROS2-Jazzy/src/vision_guard_msgs' with build type 'ament_cmake'
[1.794s] INFO:colcon.colcon_cmake.task.cmake.build:Building CMake package in '/home/ironcladhealer769/Vision-Guard-using-ROS2-Jazzy/src/vision_guard_msgs'
[1.808s] INFO:colcon.colcon_core.plugin_system:Skipping extension 'colcon_core.shell.bat': Not used on non-Windows systems
[1.809s] INFO:colcon.colcon_core.shell:Skip shell extension 'powershell' for command environment: Not usable outside of PowerShell
[1.809s] DEBUG:colcon.colcon_core.shell:Skip shell extension 'dsv' for command environment
[1.857s] DEBUG:colcon.colcon_core.event_handler.log_command:Invoking command in '/home/ironcladhealer769/Vision-Guard-using-ROS2-Jazzy/build/vision_guard_msgs': CMAKE_PREFIX_PATH=${CMAKE_PREFIX_PATH}:/opt/ros/jazzy /usr/bin/cmake /home/ironcladhealer769/Vision-Guard-using-ROS2-Jazzy/src/vision_guard_msgs -DPYTHON_EXECUTABLE=/usr/bin/python3 -DCMAKE_INSTALL_PREFIX=/home/ironcladhealer769/Vision-Guard-using-ROS2-Jazzy/install/vision_guard_msgs
[23.381s] DEBUG:colcon.colcon_core.event_handler.log_command:Invoked command in '/home/ironcladhealer769/Vision-Guard-using-ROS2-Jazzy/build/vision_guard_msgs' returned '0': CMAKE_PREFIX_PATH=${CMAKE_PREFIX_PATH}:/opt/ros/jazzy /usr/bin/cmake /home/ironcladhealer769/Vision-Guard-using-ROS2-Jazzy/src/vision_guard_msgs -DPYTHON_EXECUTABLE=/usr/bin/python3 -DCMAKE_INSTALL_PREFIX=/home/ironcladhealer769/Vision-Guard-using-ROS2-Jazzy/install/vision_guard_msgs
[23.382s] DEBUG:colcon.colcon_core.event_handler.log_command:Invoking command in '/home/ironcladhealer769/Vision-Guard-using-ROS2-Jazzy/build/vision_guard_msgs': CMAKE_PREFIX_PATH=${CMAKE_PREFIX_PATH}:/opt/ros/jazzy /usr/bin/cmake --build /home/ironcladhealer769/Vision-Guard-using-ROS2-Jazzy/build/vision_guard_msgs -- -j4 -l4
[88.086s] DEBUG:colcon.colcon_core.event_handler.log_command:Invoked command in '/home/ironcladhealer769/Vision-Guard-using-ROS2-Jazzy/build/vision_guard_msgs' returned '0': CMAKE_PREFIX_PATH=${CMAKE_PREFIX_PATH}:/opt/ros/jazzy /usr/bin/cmake --build /home/ironcladhealer769/Vision-Guard-using-ROS2-Jazzy/build/vision_guard_msgs -- -j4 -l4
[88.106s] DEBUG:colcon.colcon_core.event_handler.log_command:Invoking command in '/home/ironcladhealer769/Vision-Guard-using-ROS2-Jazzy/build/vision_guard_msgs': CMAKE_PREFIX_PATH=${CMAKE_PREFIX_PATH}:/opt/ros/jazzy /usr/bin/cmake --install /home/ironcladhealer769/Vision-Guard-using-ROS2-Jazzy/build/vision_guard_msgs
[88.396s] Level 1:colcon.colcon_core.environment:create_environment_scripts_only(vision_guard_msgs)
[88.397s] DEBUG:colcon.colcon_core.event_handler.log_command:Invoked command in '/home/ironcladhealer769/Vision-Guard-using-ROS2-Jazzy/build/vision_guard_msgs' returned '0': CMAKE_PREFIX_PATH=${CMAKE_PREFIX_PATH}:/opt/ros/jazzy /usr/bin/cmake --install /home/ironcladhealer769/Vision-Guard-using-ROS2-Jazzy/build/vision_guard_msgs
[88.402s] Level 1:colcon.colcon_core.environment:checking '/home/ironcladhealer769/Vision-Guard-using-ROS2-Jazzy/install/vision_guard_msgs' for CMake module files
[88.403s] Level 1:colcon.colcon_core.environment:checking '/home/ironcladhealer769/Vision-Guard-using-ROS2-Jazzy/install/vision_guard_msgs' for CMake config files
[88.403s] Level 1:colcon.colcon_core.shell:create_environment_hook('vision_guard_msgs', 'cmake_prefix_path')
[88.403s] INFO:colcon.colcon_core.shell:Creating environment hook '/home/ironcladhealer769/Vision-Guard-using-ROS2-Jazzy/install/vision_guard_msgs/share/vision_guard_msgs/hook/cmake_prefix_path.ps1'
[88.447s] INFO:colcon.colcon_core.shell:Creating environment descriptor '/home/ironcladhealer769/Vision-Guard-using-ROS2-Jazzy/install/vision_guard_msgs/share/vision_guard_msgs/hook/cmake_prefix_path.dsv'
[88.487s] INFO:colcon.colcon_core.shell:Creating environment hook '/home/ironcladhealer769/Vision-Guard-using-ROS2-Jazzy/install/vision_guard_msgs/share/vision_guard_msgs/hook/cmake_prefix_path.sh'
[88.490s] Level 1:colcon.colcon_core.environment:checking '/home/ironcladhealer769/Vision-Guard-using-ROS2-Jazzy/install/vision_guard_msgs/lib'
[88.490s] Level 1:colcon.colcon_core.shell:create_environment_hook('vision_guard_msgs', 'ld_library_path_lib')
[88.491s] INFO:colcon.colcon_core.shell:Creating environment hook '/home/ironcladhealer769/Vision-Guard-using-ROS2-Jazzy/install/vision_guard_msgs/share/vision_guard_msgs/hook/ld_library_path_lib.ps1'
[88.492s] INFO:colcon.colcon_core.shell:Creating environment descriptor '/home/ironcladhealer769/Vision-Guard-using-ROS2-Jazzy/install/vision_guard_msgs/share/vision_guard_msgs/hook/ld_library_path_lib.dsv'
[88.493s] INFO:colcon.colcon_core.shell:Creating environment hook '/home/ironcladhealer769/Vision-Guard-using-ROS2-Jazzy/install/vision_guard_msgs/share/vision_guard_msgs/hook/ld_library_path_lib.sh'
[88.494s] Level 1:colcon.colcon_core.environment:checking '/home/ironcladhealer769/Vision-Guard-using-ROS2-Jazzy/install/vision_guard_msgs/bin'
[88.494s] Level 1:colcon.colcon_core.environment:checking '/home/ironcladhealer769/Vision-Guard-using-ROS2-Jazzy/install/vision_guard_msgs/lib/pkgconfig/vision_guard_msgs.pc'
[88.495s] Level 1:colcon.colcon_core.environment:checking '/home/ironcladhealer769/Vision-Guard-using-ROS2-Jazzy/install/vision_guard_msgs/lib/python3.12/site-packages'
[88.496s] Level 1:colcon.colcon_core.shell:create_environment_hook('vision_guard_msgs', 'pythonpath')
[88.497s] INFO:colcon.colcon_core.shell:Creating environment hook '/home/ironcladhealer769/Vision-Guard-using-ROS2-Jazzy/install/vision_guard_msgs/share/vision_guard_msgs/hook/pythonpath.ps1'
[88.499s] INFO:colcon.colcon_core.shell:Creating environment descriptor '/home/ironcladhealer769/Vision-Guard-using-ROS2-Jazzy/install/vision_guard_msgs/share/vision_guard_msgs/hook/pythonpath.dsv'
[88.501s] INFO:colcon.colcon_core.shell:Creating environment hook '/home/ironcladhealer769/Vision-Guard-using-ROS2-Jazzy/install/vision_guard_msgs/share/vision_guard_msgs/hook/pythonpath.sh'
[88.503s] Level 1:colcon.colcon_core.environment:checking '/home/ironcladhealer769/Vision-Guard-using-ROS2-Jazzy/install/vision_guard_msgs/bin'
[88.503s] INFO:colcon.colcon_core.shell:Creating package script '/home/ironcladhealer769/Vision-Guard-using-ROS2-Jazzy/install/vision_guard_msgs/share/vision_guard_msgs/package.ps1'
[88.504s] INFO:colcon.colcon_core.shell:Creating package descriptor '/home/ironcladhealer769/Vision-Guard-using-ROS2-Jazzy/install/vision_guard_msgs/share/vision_guard_msgs/package.dsv'
[88.505s] INFO:colcon.colcon_core.shell:Creating package script '/home/ironcladhealer769/Vision-Guard-using-ROS2-Jazzy/install/vision_guard_msgs/share/vision_guard_msgs/package.sh'
[88.506s] INFO:colcon.colcon_core.shell:Creating package script '/home/ironcladhealer769/Vision-Guard-using-ROS2-Jazzy/install/vision_guard_msgs/share/vision_guard_msgs/package.bash'
[88.507s] INFO:colcon.colcon_core.shell:Creating package script '/home/ironcladhealer769/Vision-Guard-using-ROS2-Jazzy/install/vision_guard_msgs/share/vision_guard_msgs/package.zsh'
[88.508s] Level 1:colcon.colcon_core.environment:create_file_with_runtime_dependencies(/home/ironcladhealer769/Vision-Guard-using-ROS2-Jazzy/install/vision_guard_msgs/share/colcon-core/packages/vision_guard_msgs)
[88.510s] Level 1:colcon.colcon_core.environment:create_environment_scripts_only(vision_guard_msgs)
[88.510s] Level 1:colcon.colcon_core.environment:checking '/home/ironcladhealer769/Vision-Guard-using-ROS2-Jazzy/install/vision_guard_msgs' for CMake module files
[88.511s] Level 1:colcon.colcon_core.environment:checking '/home/ironcladhealer769/Vision-Guard-using-ROS2-Jazzy/install/vision_guard_msgs' for CMake config files
[88.512s] Level 1:colcon.colcon_core.shell:create_environment_hook('vision_guard_msgs', 'cmake_prefix_path')
[88.512s] INFO:colcon.colcon_core.shell:Creating environment hook '/home/ironcladhealer769/Vision-Guard-using-ROS2-Jazzy/install/vision_guard_msgs/share/vision_guard_msgs/hook/cmake_prefix_path.ps1'
[88.513s] INFO:colcon.colcon_core.shell:Creating environment descriptor '/home/ironcladhealer769/Vision-Guard-using-ROS2-Jazzy/install/vision_guard_msgs/share/vision_guard_msgs/hook/cmake_prefix_path.dsv'
[88.514s] INFO:colcon.colcon_core.shell:Creating environment hook '/home/ironcladhealer769/Vision-Guard-using-ROS2-Jazzy/install/vision_guard_msgs/share/vision_guard_msgs/hook/cmake_prefix_path.sh'
[88.519s] Level 1:colcon.colcon_core.environment:checking '/home/ironcladhealer769/Vision-Guard-using-ROS2-Jazzy/install/vision_guard_msgs/lib'
[88.523s] Level 1:colcon.colcon_core.shell:create_environment_hook('vision_guard_msgs', 'ld_library_path_lib')
[88.524s] INFO:colcon.colcon_core.shell:Creating environment hook '/home/ironcladhealer769/Vision-Guard-using-ROS2-Jazzy/install/vision_guard_msgs/share/vision_guard_msgs/hook/ld_library_path_lib.ps1'
[88.525s] INFO:colcon.colcon_core.shell:Creating environment descriptor '/home/ironcladhealer769/Vision-Guard-using-ROS2-Jazzy/install/vision_guard_msgs/share/vision_guard_msgs/hook/ld_library_path_lib.dsv'
[88.525s] INFO:colcon.colcon_core.shell:Creating environment hook '/home/ironcladhealer769/Vision-Guard-using-ROS2-Jazzy/install/vision_guard_msgs/share/vision_guard_msgs/hook/ld_library_path_lib.sh'
[88.527s] Level 1:colcon.colcon_core.environment:checking '/home/ironcladhealer769/Vision-Guard-using-ROS2-Jazzy/install/vision_guard_msgs/bin'
[88.527s] Level 1:colcon.colcon_core.environment:checking '/home/ironcladhealer769/Vision-Guard-using-ROS2-Jazzy/install/vision_guard_msgs/lib/pkgconfig/vision_guard_msgs.pc'
[88.527s] Level 1:colcon.colcon_core.environment:checking '/home/ironcladhealer769/Vision-Guard-using-ROS2-Jazzy/install/vision_guard_msgs/lib/python3.12/site-packages'
[88.528s] Level 1:colcon.colcon_core.shell:create_environment_hook('vision_guard_msgs', 'pythonpath')
[88.528s] INFO:colcon.colcon_core.shell:Creating environment hook '/home/ironcladhealer769/Vision-Guard-using-ROS2-Jazzy/install/vision_guard_msgs/share/vision_guard_msgs/hook/pythonpath.ps1'
[88.529s] INFO:colcon.colcon_core.shell:Creating environment descriptor '/home/ironcladhealer769/Vision-Guard-using-ROS2-Jazzy/install/vision_guard_msgs/share/vision_guard_msgs/hook/pythonpath.dsv'
[88.530s] INFO:colcon.colcon_core.shell:Creating environment hook '/home/ironcladhealer769/Vision-Guard-using-ROS2-Jazzy/install/vision_guard_msgs/share/vision_guard_msgs/hook/pythonpath.sh'
[88.531s] Level 1:colcon.colcon_core.environment:checking '/home/ironcladhealer769/Vision-Guard-using-ROS2-Jazzy/install/vision_guard_msgs/bin'
[88.531s] INFO:colcon.colcon_core.shell:Creating package script '/home/ironcladhealer769/Vision-Guard-using-ROS2-Jazzy/install/vision_guard_msgs/share/vision_guard_msgs/package.ps1'
[88.532s] INFO:colcon.colcon_core.shell:Creating package descriptor '/home/ironcladhealer769/Vision-Guard-using-ROS2-Jazzy/install/vision_guard_msgs/share/vision_guard_msgs/package.dsv'
[88.534s] INFO:colcon.colcon_core.shell:Creating package script '/home/ironcladhealer769/Vision-Guard-using-ROS2-Jazzy/install/vision_guard_msgs/share/vision_guard_msgs/package.sh'
[88.536s] INFO:colcon.colcon_core.shell:Creating package script '/home/ironcladhealer769/Vision-Guard-using-ROS2-Jazzy/install/vision_guard_msgs/share/vision_guard_msgs/package.bash'
[88.544s] INFO:colcon.colcon_core.shell:Creating package script '/home/ironcladhealer769/Vision-Guard-using-ROS2-Jazzy/install/vision_guard_msgs/share/vision_guard_msgs/package.zsh'
[88.546s] Level 1:colcon.colcon_core.environment:create_file_with_runtime_dependencies(/home/ironcladhealer769/Vision-Guard-using-ROS2-Jazzy/install/vision_guard_msgs/share/colcon-core/packages/vision_guard_msgs)
[88.547s] DEBUG:colcon.colcon_parallel_executor.executor.parallel:closing loop
[88.548s] DEBUG:colcon.colcon_parallel_executor.executor.parallel:loop closed
[88.548s] DEBUG:colcon.colcon_parallel_executor.executor.parallel:run_until_complete finished with '0'
[88.549s] DEBUG:colcon.colcon_core.event_reactor:joining thread
[88.642s] INFO:colcon.colcon_core.plugin_system:Skipping extension 'colcon_notification.desktop_notification.notify_send': Could not find 'notify-send'
[88.643s] INFO:colcon.colcon_core.plugin_system:Skipping extension 'colcon_notification.desktop_notification.terminal_notifier': Not used on non-Darwin systems
[88.643s] INFO:colcon.colcon_core.plugin_system:Skipping extension 'colcon_notification.desktop_notification.win32': Not used on non-Windows systems
[88.643s] INFO:colcon.colcon_notification.desktop_notification:Sending desktop notification using 'notify2'
[88.644s] DEBUG:colcon.colcon_notification.desktop_notification.notify2:Failed to initialize notify2: org.freedesktop.DBus.Error.ServiceUnknown: The name org.freedesktop.Notifications was not provided by any .service files
[88.645s] DEBUG:colcon.colcon_core.event_reactor:joined thread
[88.645s] INFO:colcon.colcon_core.shell:Creating prefix script '/home/ironcladhealer769/Vision-Guard-using-ROS2-Jazzy/install/local_setup.ps1'
[88.646s] INFO:colcon.colcon_core.shell:Creating prefix util module '/home/ironcladhealer769/Vision-Guard-using-ROS2-Jazzy/install/_local_setup_util_ps1.py'
[88.649s] INFO:colcon.colcon_core.shell:Creating prefix chain script '/home/ironcladhealer769/Vision-Guard-using-ROS2-Jazzy/install/setup.ps1'
[88.652s] INFO:colcon.colcon_core.shell:Creating prefix script '/home/ironcladhealer769/Vision-Guard-using-ROS2-Jazzy/install/local_setup.sh'
[88.654s] INFO:colcon.colcon_core.shell:Creating prefix util module '/home/ironcladhealer769/Vision-Guard-using-ROS2-Jazzy/install/_local_setup_util_sh.py'
[88.660s] INFO:colcon.colcon_core.shell:Creating prefix chain script '/home/ironcladhealer769/Vision-Guard-using-ROS2-Jazzy/install/setup.sh'
[88.663s] INFO:colcon.colcon_core.shell:Creating prefix script '/home/ironcladhealer769/Vision-Guard-using-ROS2-Jazzy/install/local_setup.bash'
[88.664s] INFO:colcon.colcon_core.shell:Creating prefix chain script '/home/ironcladhealer769/Vision-Guard-using-ROS2-Jazzy/install/setup.bash'
[88.666s] INFO:colcon.colcon_core.shell:Creating prefix script '/home/ironcladhealer769/Vision-Guard-using-ROS2-Jazzy/install/local_setup.zsh'
[88.666s] INFO:colcon.colcon_core.shell:Creating prefix chain script '/home/ironcladhealer769/Vision-Guard-using-ROS2-Jazzy/install/setup.zsh'
