[4.646s] DEBUG:colcon:Command line arguments: ['/usr/bin/colcon', 'build', '--symlink-install', '--cmake-args', '-DPYTHON_EXECUTABLE=/usr/bin/python3']
[4.647s] DEBUG:colcon:Parsed command line arguments: Namespace(log_base=None, log_level=None, verb_name='build', build_base='build', install_base='install', merge_install=False, symlink_install=True, test_result_base=None, continue_on_error=False, executor='parallel', parallel_workers=4, event_handlers=None, ignore_user_meta=False, metas=['./colcon.meta'], base_paths=['.'], packages_ignore=None, packages_ignore_regex=None, paths=None, packages_up_to=None, packages_up_to_regex=None, packages_above=None, packages_above_and_dependencies=None, packages_above_depth=None, packages_select_by_dep=None, packages_skip_by_dep=None, packages_skip_up_to=None, packages_select_build_failed=False, packages_skip_build_finished=False, packages_select_test_failures=False, packages_skip_test_passed=False, packages_select=None, packages_skip=None, packages_select_regex=None, packages_skip_regex=None, packages_start=None, packages_end=None, allow_overriding=[], cmake_args=['-DPYTHON_EXECUTABLE=/usr/bin/python3'], cmake_target=None, cmake_target_skip_unavailable=False, cmake_clean_cache=False, cmake_clean_first=False, cmake_force_configure=False, ament_cmake_args=None, catkin_cmake_args=None, catkin_skip_building_tests=False, mixin_files=None, mixin=None, verb_parser=<colcon_mixin.mixin.mixin_argument.MixinArgumentDecorator object at 0x78e077f95520>, verb_extension=<colcon_core.verb.build.BuildVerb object at 0x78e077f952b0>, main=<bound method BuildVerb.main of <colcon_core.verb.build.BuildVerb object at 0x78e077f952b0>>, mixin_verb=('build',))
[5.533s] Level 1:colcon.colcon_core.package_discovery:discover_packages(colcon_meta) check parameters
[5.533s] Level 1:colcon.colcon_core.package_discovery:discover_packages(recursive) check parameters
[5.534s] Level 1:colcon.colcon_core.package_discovery:discover_packages(ignore) check parameters
[5.534s] Level 1:colcon.colcon_core.package_discovery:discover_packages(path) check parameters
[5.534s] Level 1:colcon.colcon_core.package_discovery:discover_packages(colcon_meta) discover
[5.534s] Level 1:colcon.colcon_core.package_discovery:discover_packages(recursive) discover
[5.534s] INFO:colcon.colcon_core.package_discovery:Crawling recursively for packages in '/home/ironcladhealer769/Vision-Guard-using-ROS2-Jazzy'
[5.534s] Level 1:colcon.colcon_core.package_identification:_identify(.) by extensions ['ignore', 'ignore_ament_install']
[5.535s] Level 1:colcon.colcon_core.package_identification:_identify(.) by extension 'ignore'
[5.535s] Level 1:colcon.colcon_core.package_identification:_identify(.) by extension 'ignore_ament_install'
[5.535s] Level 1:colcon.colcon_core.package_identification:_identify(.) by extensions ['colcon_pkg']
[5.535s] Level 1:colcon.colcon_core.package_identification:_identify(.) by extension 'colcon_pkg'
[5.535s] Level 1:colcon.colcon_core.package_identification:_identify(.) by extensions ['colcon_meta']
[5.535s] Level 1:colcon.colcon_core.package_identification:_identify(.) by extension 'colcon_meta'
[5.535s] Level 1:colcon.colcon_core.package_identification:_identify(.) by extensions ['ros']
[5.536s] Level 1:colcon.colcon_core.package_identification:_identify(.) by extension 'ros'
[6.281s] Level 1:colcon.colcon_core.package_identification:_identify(.) by extensions ['cmake', 'python']
[6.281s] Level 1:colcon.colcon_core.package_identification:_identify(.) by extension 'cmake'
[6.281s] Level 1:colcon.colcon_core.package_identification:_identify(.) by extension 'python'
[6.281s] Level 1:colcon.colcon_core.package_identification:_identify(.) by extensions ['python_setup_py']
[6.281s] Level 1:colcon.colcon_core.package_identification:_identify(.) by extension 'python_setup_py'
[6.282s] Level 1:colcon.colcon_core.package_identification:_identify(build) by extensions ['ignore', 'ignore_ament_install']
[6.282s] Level 1:colcon.colcon_core.package_identification:_identify(build) by extension 'ignore'
[6.283s] Level 1:colcon.colcon_core.package_identification:_identify(build) ignored
[6.284s] Level 1:colcon.colcon_core.package_identification:_identify(install) by extensions ['ignore', 'ignore_ament_install']
[6.284s] Level 1:colcon.colcon_core.package_identification:_identify(install) by extension 'ignore'
[6.285s] Level 1:colcon.colcon_core.package_identification:_identify(install) ignored
[6.285s] Level 1:colcon.colcon_core.package_identification:_identify(log) by extensions ['ignore', 'ignore_ament_install']
[6.286s] Level 1:colcon.colcon_core.package_identification:_identify(log) by extension 'ignore'
[6.287s] Level 1:colcon.colcon_core.package_identification:_identify(log) ignored
[6.288s] Level 1:colcon.colcon_core.package_identification:_identify(src) by extensions ['ignore', 'ignore_ament_install']
[6.288s] Level 1:colcon.colcon_core.package_identification:_identify(src) by extension 'ignore'
[6.289s] Level 1:colcon.colcon_core.package_identification:_identify(src) by extension 'ignore_ament_install'
[6.290s] Level 1:colcon.colcon_core.package_identification:_identify(src) by extensions ['colcon_pkg']
[6.291s] Level 1:colcon.colcon_core.package_identification:_identify(src) by extension 'colcon_pkg'
[6.292s] Level 1:colcon.colcon_core.package_identification:_identify(src) by extensions ['colcon_meta']
[6.292s] Level 1:colcon.colcon_core.package_identification:_identify(src) by extension 'colcon_meta'
[6.293s] Level 1:colcon.colcon_core.package_identification:_identify(src) by extensions ['ros']
[6.293s] Level 1:colcon.colcon_core.package_identification:_identify(src) by extension 'ros'
[6.293s] Level 1:colcon.colcon_core.package_identification:_identify(src) by extensions ['cmake', 'python']
[6.293s] Level 1:colcon.colcon_core.package_identification:_identify(src) by extension 'cmake'
[6.294s] Level 1:colcon.colcon_core.package_identification:_identify(src) by extension 'python'
[6.294s] Level 1:colcon.colcon_core.package_identification:_identify(src) by extensions ['python_setup_py']
[6.294s] Level 1:colcon.colcon_core.package_identification:_identify(src) by extension 'python_setup_py'
[6.295s] Level 1:colcon.colcon_core.package_identification:_identify(src/vision_guard) by extensions ['ignore', 'ignore_ament_install']
[6.296s] Level 1:colcon.colcon_core.package_identification:_identify(src/vision_guard) by extension 'ignore'
[6.296s] Level 1:colcon.colcon_core.package_identification:_identify(src/vision_guard) by extension 'ignore_ament_install'
[6.296s] Level 1:colcon.colcon_core.package_identification:_identify(src/vision_guard) by extensions ['colcon_pkg']
[6.297s] Level 1:colcon.colcon_core.package_identification:_identify(src/vision_guard) by extension 'colcon_pkg'
[6.297s] Level 1:colcon.colcon_core.package_identification:_identify(src/vision_guard) by extensions ['colcon_meta']
[6.297s] Level 1:colcon.colcon_core.package_identification:_identify(src/vision_guard) by extension 'colcon_meta'
[6.298s] Level 1:colcon.colcon_core.package_identification:_identify(src/vision_guard) by extensions ['ros']
[6.298s] Level 1:colcon.colcon_core.package_identification:_identify(src/vision_guard) by extension 'ros'
[6.306s] DEBUG:colcon.colcon_core.package_identification:Package 'src/vision_guard' with type 'ros.ament_python' and name 'vision_guard'
[6.306s] Level 1:colcon.colcon_core.package_identification:_identify(src/vision_guard_msgs) by extensions ['ignore', 'ignore_ament_install']
[6.306s] Level 1:colcon.colcon_core.package_identification:_identify(src/vision_guard_msgs) by extension 'ignore'
[6.307s] Level 1:colcon.colcon_core.package_identification:_identify(src/vision_guard_msgs) by extension 'ignore_ament_install'
[6.307s] Level 1:colcon.colcon_core.package_identification:_identify(src/vision_guard_msgs) by extensions ['colcon_pkg']
[6.307s] Level 1:colcon.colcon_core.package_identification:_identify(src/vision_guard_msgs) by extension 'colcon_pkg'
[6.307s] Level 1:colcon.colcon_core.package_identification:_identify(src/vision_guard_msgs) by extensions ['colcon_meta']
[6.307s] Level 1:colcon.colcon_core.package_identification:_identify(src/vision_guard_msgs) by extension 'colcon_meta'
[6.307s] Level 1:colcon.colcon_core.package_identification:_identify(src/vision_guard_msgs) by extensions ['ros']
[6.307s] Level 1:colcon.colcon_core.package_identification:_identify(src/vision_guard_msgs) by extension 'ros'
[6.308s] DEBUG:colcon.colcon_core.package_identification:Package 'src/vision_guard_msgs' with type 'ros.ament_cmake' and name 'vision_guard_msgs'
[6.309s] Level 1:colcon.colcon_core.package_identification:_identify(venv) by extensions ['ignore', 'ignore_ament_install']
[6.309s] Level 1:colcon.colcon_core.package_identification:_identify(venv) by extension 'ignore'
[6.309s] Level 1:colcon.colcon_core.package_identification:_identify(venv) ignored
[6.309s] Level 1:colcon.colcon_core.package_discovery:discover_packages(recursive) using defaults
[6.310s] Level 1:colcon.colcon_core.package_discovery:discover_packages(ignore) discover
[6.310s] Level 1:colcon.colcon_core.package_discovery:discover_packages(ignore) using defaults
[6.310s] Level 1:colcon.colcon_core.package_discovery:discover_packages(path) discover
[6.310s] Level 1:colcon.colcon_core.package_discovery:discover_packages(path) using defaults
[6.800s] Level 1:colcon.colcon_core.package_discovery:discover_packages(prefix_path) check parameters
[6.801s] Level 1:colcon.colcon_core.package_discovery:discover_packages(prefix_path) discover
[6.804s] DEBUG:colcon.colcon_installed_package_information.package_discovery:Found 2 installed packages in /home/ironcladhealer769/Vision-Guard-using-ROS2-Jazzy/install
[6.807s] DEBUG:colcon.colcon_installed_package_information.package_discovery:Found 287 installed packages in /opt/ros/jazzy
[6.809s] Level 1:colcon.colcon_core.package_discovery:discover_packages(prefix_path) using defaults
[6.898s] Level 5:colcon.colcon_core.verb:set package 'vision_guard_msgs' build argument 'cmake_args' from command line to '['-DPYTHON_EXECUTABLE=/usr/bin/python3']'
[6.898s] Level 5:colcon.colcon_core.verb:set package 'vision_guard_msgs' build argument 'cmake_target' from command line to 'None'
[6.898s] Level 5:colcon.colcon_core.verb:set package 'vision_guard_msgs' build argument 'cmake_target_skip_unavailable' from command line to 'False'
[6.899s] Level 5:colcon.colcon_core.verb:set package 'vision_guard_msgs' build argument 'cmake_clean_cache' from command line to 'False'
[6.899s] Level 5:colcon.colcon_core.verb:set package 'vision_guard_msgs' build argument 'cmake_clean_first' from command line to 'False'
[6.899s] Level 5:colcon.colcon_core.verb:set package 'vision_guard_msgs' build argument 'cmake_force_configure' from command line to 'False'
[6.899s] Level 5:colcon.colcon_core.verb:set package 'vision_guard_msgs' build argument 'ament_cmake_args' from command line to 'None'
[6.899s] Level 5:colcon.colcon_core.verb:set package 'vision_guard_msgs' build argument 'catkin_cmake_args' from command line to 'None'
[6.899s] Level 5:colcon.colcon_core.verb:set package 'vision_guard_msgs' build argument 'catkin_skip_building_tests' from command line to 'False'
[6.900s] DEBUG:colcon.colcon_core.verb:Building package 'vision_guard_msgs' with the following arguments: {'ament_cmake_args': None, 'build_base': '/home/ironcladhealer769/Vision-Guard-using-ROS2-Jazzy/build/vision_guard_msgs', 'catkin_cmake_args': None, 'catkin_skip_building_tests': False, 'cmake_args': ['-DPYTHON_EXECUTABLE=/usr/bin/python3'], 'cmake_clean_cache': False, 'cmake_clean_first': False, 'cmake_force_configure': False, 'cmake_target': None, 'cmake_target_skip_unavailable': False, 'install_base': '/home/ironcladhealer769/Vision-Guard-using-ROS2-Jazzy/install/vision_guard_msgs', 'merge_install': False, 'path': '/home/ironcladhealer769/Vision-Guard-using-ROS2-Jazzy/src/vision_guard_msgs', 'symlink_install': True, 'test_result_base': None}
[6.900s] Level 5:colcon.colcon_core.verb:set package 'vision_guard' build argument 'cmake_args' from command line to '['-DPYTHON_EXECUTABLE=/usr/bin/python3']'
[6.901s] Level 5:colcon.colcon_core.verb:set package 'vision_guard' build argument 'cmake_target' from command line to 'None'
[6.901s] Level 5:colcon.colcon_core.verb:set package 'vision_guard' build argument 'cmake_target_skip_unavailable' from command line to 'False'
[6.902s] Level 5:colcon.colcon_core.verb:set package 'vision_guard' build argument 'cmake_clean_cache' from command line to 'False'
[6.902s] Level 5:colcon.colcon_core.verb:set package 'vision_guard' build argument 'cmake_clean_first' from command line to 'False'
[6.902s] Level 5:colcon.colcon_core.verb:set package 'vision_guard' build argument 'cmake_force_configure' from command line to 'False'
[6.902s] Level 5:colcon.colcon_core.verb:set package 'vision_guard' build argument 'ament_cmake_args' from command line to 'None'
[6.903s] Level 5:colcon.colcon_core.verb:set package 'vision_guard' build argument 'catkin_cmake_args' from command line to 'None'
[6.903s] Level 5:colcon.colcon_core.verb:set package 'vision_guard' build argument 'catkin_skip_building_tests' from command line to 'False'
[6.903s] DEBUG:colcon.colcon_core.verb:Building package 'vision_guard' with the following arguments: {'ament_cmake_args': None, 'build_base': '/home/ironcladhealer769/Vision-Guard-using-ROS2-Jazzy/build/vision_guard', 'catkin_cmake_args': None, 'catkin_skip_building_tests': False, 'cmake_args': ['-DPYTHON_EXECUTABLE=/usr/bin/python3'], 'cmake_clean_cache': False, 'cmake_clean_first': False, 'cmake_force_configure': False, 'cmake_target': None, 'cmake_target_skip_unavailable': False, 'install_base': '/home/ironcladhealer769/Vision-Guard-using-ROS2-Jazzy/install/vision_guard', 'merge_install': False, 'path': '/home/ironcladhealer769/Vision-Guard-using-ROS2-Jazzy/src/vision_guard', 'symlink_install': True, 'test_result_base': None}
[6.905s] INFO:colcon.colcon_core.executor:Executing jobs using 'parallel' executor
[6.908s] DEBUG:colcon.colcon_parallel_executor.executor.parallel:run_until_complete
[6.909s] INFO:colcon.colcon_ros.task.ament_cmake.build:Building ROS package in '/home/ironcladhealer769/Vision-Guard-using-ROS2-Jazzy/src/vision_guard_msgs' with build type 'ament_cmake'
[6.909s] INFO:colcon.colcon_cmake.task.cmake.build:Building CMake package in '/home/ironcladhealer769/Vision-Guard-using-ROS2-Jazzy/src/vision_guard_msgs'
[6.915s] INFO:colcon.colcon_core.plugin_system:Skipping extension 'colcon_core.shell.bat': Not used on non-Windows systems
[6.915s] INFO:colcon.colcon_core.shell:Skip shell extension 'powershell' for command environment: Not usable outside of PowerShell
[6.915s] DEBUG:colcon.colcon_core.shell:Skip shell extension 'dsv' for command environment
[7.072s] DEBUG:colcon.colcon_core.event_handler.log_command:Invoking command in '/home/ironcladhealer769/Vision-Guard-using-ROS2-Jazzy/build/vision_guard_msgs': CMAKE_PREFIX_PATH=${CMAKE_PREFIX_PATH}:/opt/ros/jazzy /usr/bin/cmake /home/ironcladhealer769/Vision-Guard-using-ROS2-Jazzy/src/vision_guard_msgs -DPYTHON_EXECUTABLE=/usr/bin/python3 -DAMENT_CMAKE_SYMLINK_INSTALL=1 -DCMAKE_INSTALL_PREFIX=/home/ironcladhealer769/Vision-Guard-using-ROS2-Jazzy/install/vision_guard_msgs
[13.356s] DEBUG:colcon.colcon_core.event_handler.log_command:Invoked command in '/home/ironcladhealer769/Vision-Guard-using-ROS2-Jazzy/build/vision_guard_msgs' returned '0': CMAKE_PREFIX_PATH=${CMAKE_PREFIX_PATH}:/opt/ros/jazzy /usr/bin/cmake /home/ironcladhealer769/Vision-Guard-using-ROS2-Jazzy/src/vision_guard_msgs -DPYTHON_EXECUTABLE=/usr/bin/python3 -DAMENT_CMAKE_SYMLINK_INSTALL=1 -DCMAKE_INSTALL_PREFIX=/home/ironcladhealer769/Vision-Guard-using-ROS2-Jazzy/install/vision_guard_msgs
[13.361s] DEBUG:colcon.colcon_core.event_handler.log_command:Invoking command in '/home/ironcladhealer769/Vision-Guard-using-ROS2-Jazzy/build/vision_guard_msgs': CMAKE_PREFIX_PATH=${CMAKE_PREFIX_PATH}:/opt/ros/jazzy /usr/bin/cmake --build /home/ironcladhealer769/Vision-Guard-using-ROS2-Jazzy/build/vision_guard_msgs -- -j4 -l4
[13.688s] DEBUG:colcon.colcon_core.event_handler.log_command:Invoked command in '/home/ironcladhealer769/Vision-Guard-using-ROS2-Jazzy/build/vision_guard_msgs' returned '2': CMAKE_PREFIX_PATH=${CMAKE_PREFIX_PATH}:/opt/ros/jazzy /usr/bin/cmake --build /home/ironcladhealer769/Vision-Guard-using-ROS2-Jazzy/build/vision_guard_msgs -- -j4 -l4
[13.689s] Level 1:colcon.colcon_core.environment:create_environment_scripts_only(vision_guard_msgs)
[13.710s] Level 1:colcon.colcon_core.environment:checking '/home/ironcladhealer769/Vision-Guard-using-ROS2-Jazzy/install/vision_guard_msgs' for CMake module files
[13.713s] Level 1:colcon.colcon_core.environment:checking '/home/ironcladhealer769/Vision-Guard-using-ROS2-Jazzy/install/vision_guard_msgs' for CMake config files
[13.714s] Level 1:colcon.colcon_core.shell:create_environment_hook('vision_guard_msgs', 'cmake_prefix_path')
[13.714s] INFO:colcon.colcon_core.shell:Creating environment hook '/home/ironcladhealer769/Vision-Guard-using-ROS2-Jazzy/install/vision_guard_msgs/share/vision_guard_msgs/hook/cmake_prefix_path.ps1'
[13.716s] INFO:colcon.colcon_core.shell:Creating environment descriptor '/home/ironcladhealer769/Vision-Guard-using-ROS2-Jazzy/install/vision_guard_msgs/share/vision_guard_msgs/hook/cmake_prefix_path.dsv'
[13.717s] INFO:colcon.colcon_core.shell:Creating environment hook '/home/ironcladhealer769/Vision-Guard-using-ROS2-Jazzy/install/vision_guard_msgs/share/vision_guard_msgs/hook/cmake_prefix_path.sh'
[13.720s] Level 1:colcon.colcon_core.environment:checking '/home/ironcladhealer769/Vision-Guard-using-ROS2-Jazzy/install/vision_guard_msgs/lib'
[13.721s] Level 1:colcon.colcon_core.shell:create_environment_hook('vision_guard_msgs', 'ld_library_path_lib')
[13.721s] INFO:colcon.colcon_core.shell:Creating environment hook '/home/ironcladhealer769/Vision-Guard-using-ROS2-Jazzy/install/vision_guard_msgs/share/vision_guard_msgs/hook/ld_library_path_lib.ps1'
[13.726s] INFO:colcon.colcon_core.shell:Creating environment descriptor '/home/ironcladhealer769/Vision-Guard-using-ROS2-Jazzy/install/vision_guard_msgs/share/vision_guard_msgs/hook/ld_library_path_lib.dsv'
[13.729s] INFO:colcon.colcon_core.shell:Creating environment hook '/home/ironcladhealer769/Vision-Guard-using-ROS2-Jazzy/install/vision_guard_msgs/share/vision_guard_msgs/hook/ld_library_path_lib.sh'
[13.732s] Level 1:colcon.colcon_core.environment:checking '/home/ironcladhealer769/Vision-Guard-using-ROS2-Jazzy/install/vision_guard_msgs/bin'
[13.732s] Level 1:colcon.colcon_core.environment:checking '/home/ironcladhealer769/Vision-Guard-using-ROS2-Jazzy/install/vision_guard_msgs/lib/pkgconfig/vision_guard_msgs.pc'
[13.735s] Level 1:colcon.colcon_core.environment:checking '/home/ironcladhealer769/Vision-Guard-using-ROS2-Jazzy/install/vision_guard_msgs/lib/python3.12/site-packages'
[13.735s] Level 1:colcon.colcon_core.shell:create_environment_hook('vision_guard_msgs', 'pythonpath')
[13.736s] INFO:colcon.colcon_core.shell:Creating environment hook '/home/ironcladhealer769/Vision-Guard-using-ROS2-Jazzy/install/vision_guard_msgs/share/vision_guard_msgs/hook/pythonpath.ps1'
[13.737s] INFO:colcon.colcon_core.shell:Creating environment descriptor '/home/ironcladhealer769/Vision-Guard-using-ROS2-Jazzy/install/vision_guard_msgs/share/vision_guard_msgs/hook/pythonpath.dsv'
[13.739s] INFO:colcon.colcon_core.shell:Creating environment hook '/home/ironcladhealer769/Vision-Guard-using-ROS2-Jazzy/install/vision_guard_msgs/share/vision_guard_msgs/hook/pythonpath.sh'
[13.743s] Level 1:colcon.colcon_core.environment:checking '/home/ironcladhealer769/Vision-Guard-using-ROS2-Jazzy/install/vision_guard_msgs/bin'
[13.744s] INFO:colcon.colcon_core.shell:Creating package script '/home/ironcladhealer769/Vision-Guard-using-ROS2-Jazzy/install/vision_guard_msgs/share/vision_guard_msgs/package.ps1'
[13.749s] INFO:colcon.colcon_core.shell:Creating package descriptor '/home/ironcladhealer769/Vision-Guard-using-ROS2-Jazzy/install/vision_guard_msgs/share/vision_guard_msgs/package.dsv'
[13.766s] INFO:colcon.colcon_core.shell:Creating package script '/home/ironcladhealer769/Vision-Guard-using-ROS2-Jazzy/install/vision_guard_msgs/share/vision_guard_msgs/package.sh'
[13.768s] INFO:colcon.colcon_core.shell:Creating package script '/home/ironcladhealer769/Vision-Guard-using-ROS2-Jazzy/install/vision_guard_msgs/share/vision_guard_msgs/package.bash'
[13.770s] INFO:colcon.colcon_core.shell:Creating package script '/home/ironcladhealer769/Vision-Guard-using-ROS2-Jazzy/install/vision_guard_msgs/share/vision_guard_msgs/package.zsh'
[13.772s] Level 1:colcon.colcon_core.environment:create_file_with_runtime_dependencies(/home/ironcladhealer769/Vision-Guard-using-ROS2-Jazzy/install/vision_guard_msgs/share/colcon-core/packages/vision_guard_msgs)
[13.784s] DEBUG:colcon.colcon_parallel_executor.executor.parallel:closing loop
[13.784s] DEBUG:colcon.colcon_parallel_executor.executor.parallel:loop closed
[13.785s] DEBUG:colcon.colcon_parallel_executor.executor.parallel:run_until_complete finished with '2'
[13.786s] DEBUG:colcon.colcon_core.event_reactor:joining thread
[13.936s] INFO:colcon.colcon_core.plugin_system:Skipping extension 'colcon_notification.desktop_notification.notify_send': Could not find 'notify-send'
[13.937s] INFO:colcon.colcon_core.plugin_system:Skipping extension 'colcon_notification.desktop_notification.terminal_notifier': Not used on non-Darwin systems
[13.937s] INFO:colcon.colcon_core.plugin_system:Skipping extension 'colcon_notification.desktop_notification.win32': Not used on non-Windows systems
[13.937s] INFO:colcon.colcon_notification.desktop_notification:Sending desktop notification using 'notify2'
[13.944s] DEBUG:colcon.colcon_notification.desktop_notification.notify2:Failed to initialize notify2: org.freedesktop.DBus.Error.ServiceUnknown: The name org.freedesktop.Notifications was not provided by any .service files
[13.945s] DEBUG:colcon.colcon_core.event_reactor:joined thread
[13.945s] INFO:colcon.colcon_core.shell:Creating prefix script '/home/ironcladhealer769/Vision-Guard-using-ROS2-Jazzy/install/local_setup.ps1'
[13.949s] INFO:colcon.colcon_core.shell:Creating prefix util module '/home/ironcladhealer769/Vision-Guard-using-ROS2-Jazzy/install/_local_setup_util_ps1.py'
[13.956s] INFO:colcon.colcon_core.shell:Creating prefix chain script '/home/ironcladhealer769/Vision-Guard-using-ROS2-Jazzy/install/setup.ps1'
[13.962s] INFO:colcon.colcon_core.shell:Creating prefix script '/home/ironcladhealer769/Vision-Guard-using-ROS2-Jazzy/install/local_setup.sh'
[13.964s] INFO:colcon.colcon_core.shell:Creating prefix util module '/home/ironcladhealer769/Vision-Guard-using-ROS2-Jazzy/install/_local_setup_util_sh.py'
[13.966s] INFO:colcon.colcon_core.shell:Creating prefix chain script '/home/ironcladhealer769/Vision-Guard-using-ROS2-Jazzy/install/setup.sh'
[13.969s] INFO:colcon.colcon_core.shell:Creating prefix script '/home/ironcladhealer769/Vision-Guard-using-ROS2-Jazzy/install/local_setup.bash'
[13.971s] INFO:colcon.colcon_core.shell:Creating prefix chain script '/home/ironcladhealer769/Vision-Guard-using-ROS2-Jazzy/install/setup.bash'
[13.976s] INFO:colcon.colcon_core.shell:Creating prefix script '/home/ironcladhealer769/Vision-Guard-using-ROS2-Jazzy/install/local_setup.zsh'
[13.985s] INFO:colcon.colcon_core.shell:Creating prefix chain script '/home/ironcladhealer769/Vision-Guard-using-ROS2-Jazzy/install/setup.zsh'
