-- Found ament_cmake: 2.5.6 (/opt/ros/jazzy/share/ament_cmake/cmake)
-- Override CMake install command with custom implementation using symlinks instead of copying resources
-- Found rosidl_default_generators: 1.6.0 (/opt/ros/jazzy/share/rosidl_default_generators/cmake)
-- Using all available rosidl_typesupport_c: rosidl_typesupport_fastrtps_c;rosidl_typesupport_introspection_c
-- Using all available rosidl_typesupport_cpp: rosidl_typesupport_fastrtps_cpp;rosidl_typesupport_introspection_cpp
-- Found rosidl_adapter: 4.6.7 (/opt/ros/jazzy/share/rosidl_adapter/cmake)
-- Found ament_cmake_ros: 0.12.0 (/opt/ros/jazzy/share/ament_cmake_ros/cmake)
-- Using all available rosidl_typesupport_c: rosidl_typesupport_fastrtps_c;rosidl_typesupport_introspection_c
-- Using all available rosidl_typesupport_cpp: rosidl_typesupport_fastrtps_cpp;rosidl_typesupport_introspection_cpp
-- Found python_cmake_module: 0.11.1 (/opt/ros/jazzy/share/python_cmake_module/cmake)
-- Found Python3: /usr/bin/python3 (found version "3.12.3") found components: Interpreter Development NumPy Development.Module Development.Embed 
-- Found Python3: /usr/bin/python3 (found version "3.12.3") found components: Interpreter 
-- Configuring done (4.5s)
-- Generating done (0.4s)
-- Build files have been written to: /home/ironcladhealer769/Vision-Guard-using-ROS2-Jazzy/build/vision_guard_msgs
failed to create symbolic link '/home/ironcladhealer769/Vision-Guard-using-ROS2-Jazzy/build/vision_guard_msgs/ament_cmake_python/vision_guard_msgs/vision_guard_msgs' because existing path cannot be removed: Is a directory
gmake[2]: *** [CMakeFiles/ament_cmake_python_symlink_vision_guard_msgs.dir/build.make:70: CMakeFiles/ament_cmake_python_symlink_vision_guard_msgs] Error 1
gmake[1]: *** [CMakeFiles/Makefile2:471: CMakeFiles/ament_cmake_python_symlink_vision_guard_msgs.dir/all] Error 2
gmake[1]: *** Waiting for unfinished jobs....
[  2%] Built target vision_guard_msgs__rosidl_generator_type_description
[  5%] Built target vision_guard_msgs__rs
gmake: *** [Makefile:146: all] Error 2
