[0.161s] Invoking command in '/home/ironcladhealer769/Vision-Guard-using-ROS2-Jazzy/build/vision_guard_msgs': CMAKE_PREFIX_PATH=${CMAKE_PREFIX_PATH}:/opt/ros/jazzy /usr/bin/cmake /home/ironcladhealer769/Vision-Guard-using-ROS2-Jazzy/src/vision_guard_msgs -DPYTHON_EXECUTABLE=/usr/bin/python3 -DAMENT_CMAKE_SYMLINK_INSTALL=1 -DCMAKE_INSTALL_PREFIX=/home/ironcladhealer769/Vision-Guard-using-ROS2-Jazzy/install/vision_guard_msgs
[1.381s] -- Found ament_cmake: 2.5.6 (/opt/ros/jazzy/share/ament_cmake/cmake)
[2.007s] -- Override CMake install command with custom implementation using symlinks instead of copying resources
[2.111s] -- Found rosidl_default_generators: 1.6.0 (/opt/ros/jazzy/share/rosidl_default_generators/cmake)
[2.117s] -- Using all available rosidl_typesupport_c: rosidl_typesupport_fastrtps_c;rosidl_typesupport_introspection_c
[2.647s] -- Using all available rosidl_typesupport_cpp: rosidl_typesupport_fastrtps_cpp;rosidl_typesupport_introspection_cpp
[2.768s] -- Found rosidl_adapter: 4.6.7 (/opt/ros/jazzy/share/rosidl_adapter/cmake)
[3.580s] -- Found ament_cmake_ros: 0.12.0 (/opt/ros/jazzy/share/ament_cmake_ros/cmake)
[3.874s] -- Using all available rosidl_typesupport_c: rosidl_typesupport_fastrtps_c;rosidl_typesupport_introspection_c
[4.297s] -- Using all available rosidl_typesupport_cpp: rosidl_typesupport_fastrtps_cpp;rosidl_typesupport_introspection_cpp
[4.307s] -- Found python_cmake_module: 0.11.1 (/opt/ros/jazzy/share/python_cmake_module/cmake)
[5.447s] -- Found Python3: /usr/bin/python3 (found version "3.12.3") found components: Interpreter Development NumPy Development.Module Development.Embed 
[5.640s] -- Found Python3: /usr/bin/python3 (found version "3.12.3") found components: Interpreter 
[5.789s] -- Configuring done (4.5s)
[6.278s] -- Generating done (0.4s)
[6.408s] -- Build files have been written to: /home/ironcladhealer769/Vision-Guard-using-ROS2-Jazzy/build/vision_guard_msgs
[6.444s] Invoked command in '/home/ironcladhealer769/Vision-Guard-using-ROS2-Jazzy/build/vision_guard_msgs' returned '0': CMAKE_PREFIX_PATH=${CMAKE_PREFIX_PATH}:/opt/ros/jazzy /usr/bin/cmake /home/ironcladhealer769/Vision-Guard-using-ROS2-Jazzy/src/vision_guard_msgs -DPYTHON_EXECUTABLE=/usr/bin/python3 -DAMENT_CMAKE_SYMLINK_INSTALL=1 -DCMAKE_INSTALL_PREFIX=/home/ironcladhealer769/Vision-Guard-using-ROS2-Jazzy/install/vision_guard_msgs
[6.449s] Invoking command in '/home/ironcladhealer769/Vision-Guard-using-ROS2-Jazzy/build/vision_guard_msgs': CMAKE_PREFIX_PATH=${CMAKE_PREFIX_PATH}:/opt/ros/jazzy /usr/bin/cmake --build /home/ironcladhealer769/Vision-Guard-using-ROS2-Jazzy/build/vision_guard_msgs -- -j4 -l4
[6.757s] failed to create symbolic link '/home/ironcladhealer769/Vision-Guard-using-ROS2-Jazzy/build/vision_guard_msgs/ament_cmake_python/vision_guard_msgs/vision_guard_msgs' because existing path cannot be removed: Is a directory
[6.768s] gmake[2]: *** [CMakeFiles/ament_cmake_python_symlink_vision_guard_msgs.dir/build.make:70: CMakeFiles/ament_cmake_python_symlink_vision_guard_msgs] Error 1
[6.768s] gmake[1]: *** [CMakeFiles/Makefile2:471: CMakeFiles/ament_cmake_python_symlink_vision_guard_msgs.dir/all] Error 2
[6.768s] gmake[1]: *** Waiting for unfinished jobs....
[6.769s] [  2%] Built target vision_guard_msgs__rosidl_generator_type_description
[6.769s] [  5%] Built target vision_guard_msgs__rs
[6.770s] gmake: *** [Makefile:146: all] Error 2
[6.776s] Invoked command in '/home/ironcladhealer769/Vision-Guard-using-ROS2-Jazzy/build/vision_guard_msgs' returned '2': CMAKE_PREFIX_PATH=${CMAKE_PREFIX_PATH}:/opt/ros/jazzy /usr/bin/cmake --build /home/ironcladhealer769/Vision-Guard-using-ROS2-Jazzy/build/vision_guard_msgs -- -j4 -l4
