-- The C compiler identification is GNU 13.3.0
-- The CXX compiler identification is GNU 13.3.0
-- Detecting C compiler ABI info
-- Detecting C compiler ABI info - done
-- Check for working C compiler: /usr/bin/cc - skipped
-- Detecting C compile features
-- Detecting C compile features - done
-- Detecting CXX compiler ABI info
-- Detecting CXX compiler ABI info - done
-- Check for working CXX compiler: /usr/bin/c++ - skipped
-- Detecting CXX compile features
-- Detecting CXX compile features - done
-- Found ament_cmake: 2.5.6 (/opt/ros/jazzy/share/ament_cmake/cmake)
-- Found Python3: /usr/bin/python3 (found version "3.12.3") found components: Interpreter 
-- Found rosidl_default_generators: 1.6.0 (/opt/ros/jazzy/share/rosidl_default_generators/cmake)
-- Using all available rosidl_typesupport_c: rosidl_typesupport_fastrtps_c;rosidl_typesupport_introspection_c
-- Using all available rosidl_typesupport_cpp: rosidl_typesupport_fastrtps_cpp;rosidl_typesupport_introspection_cpp
-- Found rosidl_adapter: 4.6.7 (/opt/ros/jazzy/share/rosidl_adapter/cmake)
-- Found ament_cmake_ros: 0.12.0 (/opt/ros/jazzy/share/ament_cmake_ros/cmake)
-- Using all available rosidl_typesupport_c: rosidl_typesupport_fastrtps_c;rosidl_typesupport_introspection_c
-- Using all available rosidl_typesupport_cpp: rosidl_typesupport_fastrtps_cpp;rosidl_typesupport_introspection_cpp
-- Found python_cmake_module: 0.11.1 (/opt/ros/jazzy/share/python_cmake_module/cmake)
-- Found PythonExtra: /usr/bin/python3  
-- Found Python3: /usr/bin/python3 (found version "3.12.3") found components: Interpreter Development NumPy Development.Module Development.Embed 
-- Found Python3: /usr/bin/python3 (found version "3.12.3") found components: Interpreter 
-- Configuring done (20.9s)
-- Generating done (0.4s)
-- Build files have been written to: /home/ironcladhealer769/Vision-Guard-using-ROS2-Jazzy/build/vision_guard_msgs
[  2%] [34m[1mGenerating type hashes for ROS interfaces[0m
[  5%] [34m[1mGenerating Rust code for ROS interfaces[0m
[  5%] Built target ament_cmake_python_copy_vision_guard_msgs
running egg_info
creating vision_guard_msgs.egg-info
writing vision_guard_msgs.egg-info/PKG-INFO
writing dependency_links to vision_guard_msgs.egg-info/dependency_links.txt
writing top-level names to vision_guard_msgs.egg-info/top_level.txt
writing manifest file 'vision_guard_msgs.egg-info/SOURCES.txt'
reading manifest file 'vision_guard_msgs.egg-info/SOURCES.txt'
writing manifest file 'vision_guard_msgs.egg-info/SOURCES.txt'
[  5%] Built target ament_cmake_python_build_vision_guard_msgs_egg
[  5%] Built target vision_guard_msgs__rosidl_generator_type_description
[  8%] [34m[1mGenerating C code for ROS interfaces[0m
[ 11%] [34m[1mGenerating C++ code for ROS interfaces[0m
[ 11%] Built target vision_guard_msgs__rs
[ 11%] Built target vision_guard_msgs__cpp
[ 14%] [32mBuilding C object CMakeFiles/vision_guard_msgs__rosidl_generator_c.dir/rosidl_generator_c/vision_guard_msgs/msg/detail/detection__functions.c.o[0m
[ 17%] [32mBuilding C object CMakeFiles/vision_guard_msgs__rosidl_generator_c.dir/rosidl_generator_c/vision_guard_msgs/msg/detail/detection__description.c.o[0m
[ 20%] [32mBuilding C object CMakeFiles/vision_guard_msgs__rosidl_generator_c.dir/rosidl_generator_c/vision_guard_msgs/msg/detail/detection__type_support.c.o[0m
[ 22%] [32m[1mLinking C shared library libvision_guard_msgs__rosidl_generator_c.so[0m
[ 22%] Built target vision_guard_msgs__rosidl_generator_c
[ 25%] [34m[1mGenerating C type support dispatch for ROS interfaces[0m
[ 28%] [34m[1mGenerating C++ type support dispatch for ROS interfaces[0m
[ 31%] [34m[1mGenerating C++ introspection for ROS interfaces[0m
[ 34%] [34m[1mGenerating C type support for eProsima Fast-RTPS[0m
[ 37%] [32mBuilding CXX object CMakeFiles/vision_guard_msgs__rosidl_typesupport_fastrtps_c.dir/rosidl_typesupport_fastrtps_c/vision_guard_msgs/msg/detail/detection__type_support_c.cpp.o[0m
[ 40%] [32mBuilding CXX object CMakeFiles/vision_guard_msgs__rosidl_typesupport_cpp.dir/rosidl_typesupport_cpp/vision_guard_msgs/msg/detection__type_support.cpp.o[0m
[ 42%] [32mBuilding CXX object CMakeFiles/vision_guard_msgs__rosidl_typesupport_introspection_cpp.dir/rosidl_typesupport_introspection_cpp/vision_guard_msgs/msg/detail/detection__type_support.cpp.o[0m
[ 45%] [32mBuilding CXX object CMakeFiles/vision_guard_msgs__rosidl_typesupport_c.dir/rosidl_typesupport_c/vision_guard_msgs/msg/detection__type_support.cpp.o[0m
[ 48%] [32m[1mLinking CXX shared library libvision_guard_msgs__rosidl_typesupport_c.so[0m
[ 48%] Built target vision_guard_msgs__rosidl_typesupport_c
[ 51%] [34m[1mGenerating C introspection for ROS interfaces[0m
[ 54%] [32mBuilding C object CMakeFiles/vision_guard_msgs__rosidl_typesupport_introspection_c.dir/rosidl_typesupport_introspection_c/vision_guard_msgs/msg/detail/detection__type_support.c.o[0m
[ 57%] [32m[1mLinking C shared library libvision_guard_msgs__rosidl_typesupport_introspection_c.so[0m
[ 57%] Built target vision_guard_msgs__rosidl_typesupport_introspection_c
[ 60%] [34m[1mGenerating C++ type support for eProsima Fast-RTPS[0m
[ 62%] [32m[1mLinking CXX shared library libvision_guard_msgs__rosidl_typesupport_cpp.so[0m
[ 65%] [32m[1mLinking CXX shared library libvision_guard_msgs__rosidl_typesupport_introspection_cpp.so[0m
[ 68%] [32mBuilding CXX object CMakeFiles/vision_guard_msgs__rosidl_typesupport_fastrtps_cpp.dir/rosidl_typesupport_fastrtps_cpp/vision_guard_msgs/msg/detail/dds_fastrtps/detection__type_support.cpp.o[0m
[ 71%] [32m[1mLinking CXX shared library libvision_guard_msgs__rosidl_typesupport_fastrtps_c.so[0m
[ 71%] Built target vision_guard_msgs__rosidl_typesupport_cpp
[ 71%] Built target vision_guard_msgs__rosidl_typesupport_introspection_cpp
[ 71%] Built target vision_guard_msgs__rosidl_typesupport_fastrtps_c
[ 74%] [32m[1mLinking CXX shared library libvision_guard_msgs__rosidl_typesupport_fastrtps_cpp.so[0m
[ 74%] Built target vision_guard_msgs__rosidl_typesupport_fastrtps_cpp
[ 74%] Built target vision_guard_msgs
[ 77%] [34m[1mGenerating Python code for ROS interfaces[0m
[ 77%] Built target vision_guard_msgs__py
[ 80%] [32mBuilding C object CMakeFiles/vision_guard_msgs__rosidl_generator_py.dir/rosidl_generator_py/vision_guard_msgs/msg/_detection_s.c.o[0m
[ 82%] [32m[1mLinking C shared library libvision_guard_msgs__rosidl_generator_py.so[0m
[ 82%] Built target vision_guard_msgs__rosidl_generator_py
[ 85%] [32mBuilding C object CMakeFiles/vision_guard_msgs_s__rosidl_typesupport_fastrtps_c.dir/rosidl_generator_py/vision_guard_msgs/_vision_guard_msgs_s.ep.rosidl_typesupport_fastrtps_c.c.o[0m
[ 88%] [32m[1mLinking C shared module rosidl_generator_py/vision_guard_msgs/vision_guard_msgs_s__rosidl_typesupport_fastrtps_c.so[0m
[ 88%] Built target vision_guard_msgs_s__rosidl_typesupport_fastrtps_c
[ 91%] [32mBuilding C object CMakeFiles/vision_guard_msgs_s__rosidl_typesupport_c.dir/rosidl_generator_py/vision_guard_msgs/_vision_guard_msgs_s.ep.rosidl_typesupport_c.c.o[0m
[ 94%] [32m[1mLinking C shared module rosidl_generator_py/vision_guard_msgs/vision_guard_msgs_s__rosidl_typesupport_c.so[0m
[ 94%] Built target vision_guard_msgs_s__rosidl_typesupport_c
[ 97%] [32mBuilding C object CMakeFiles/vision_guard_msgs_s__rosidl_typesupport_introspection_c.dir/rosidl_generator_py/vision_guard_msgs/_vision_guard_msgs_s.ep.rosidl_typesupport_introspection_c.c.o[0m
[100%] [32m[1mLinking C shared module rosidl_generator_py/vision_guard_msgs/vision_guard_msgs_s__rosidl_typesupport_introspection_c.so[0m
[100%] Built target vision_guard_msgs_s__rosidl_typesupport_introspection_c
-- Install configuration: ""
-- Installing: /home/ironcladhealer769/Vision-Guard-using-ROS2-Jazzy/install/vision_guard_msgs/share/ament_index/resource_index/rosidl_interfaces/vision_guard_msgs
-- Installing: /home/ironcladhealer769/Vision-Guard-using-ROS2-Jazzy/install/vision_guard_msgs/share/vision_guard_msgs/msg/Detection.json
-- Installing: /home/ironcladhealer769/Vision-Guard-using-ROS2-Jazzy/install/vision_guard_msgs/include/vision_guard_msgs/vision_guard_msgs
-- Installing: /home/ironcladhealer769/Vision-Guard-using-ROS2-Jazzy/install/vision_guard_msgs/include/vision_guard_msgs/vision_guard_msgs/msg
-- Installing: /home/ironcladhealer769/Vision-Guard-using-ROS2-Jazzy/install/vision_guard_msgs/include/vision_guard_msgs/vision_guard_msgs/msg/rosidl_generator_c__visibility_control.h
-- Installing: /home/ironcladhealer769/Vision-Guard-using-ROS2-Jazzy/install/vision_guard_msgs/include/vision_guard_msgs/vision_guard_msgs/msg/detection.h
-- Installing: /home/ironcladhealer769/Vision-Guard-using-ROS2-Jazzy/install/vision_guard_msgs/include/vision_guard_msgs/vision_guard_msgs/msg/detail
-- Installing: /home/ironcladhealer769/Vision-Guard-using-ROS2-Jazzy/install/vision_guard_msgs/include/vision_guard_msgs/vision_guard_msgs/msg/detail/detection__type_support.h
-- Installing: /home/ironcladhealer769/Vision-Guard-using-ROS2-Jazzy/install/vision_guard_msgs/include/vision_guard_msgs/vision_guard_msgs/msg/detail/detection__type_support.c
-- Installing: /home/ironcladhealer769/Vision-Guard-using-ROS2-Jazzy/install/vision_guard_msgs/include/vision_guard_msgs/vision_guard_msgs/msg/detail/detection__functions.h
-- Installing: /home/ironcladhealer769/Vision-Guard-using-ROS2-Jazzy/install/vision_guard_msgs/include/vision_guard_msgs/vision_guard_msgs/msg/detail/detection__struct.h
-- Installing: /home/ironcladhealer769/Vision-Guard-using-ROS2-Jazzy/install/vision_guard_msgs/include/vision_guard_msgs/vision_guard_msgs/msg/detail/detection__functions.c
-- Installing: /home/ironcladhealer769/Vision-Guard-using-ROS2-Jazzy/install/vision_guard_msgs/include/vision_guard_msgs/vision_guard_msgs/msg/detail/detection__description.c
-- Installing: /home/ironcladhealer769/Vision-Guard-using-ROS2-Jazzy/install/vision_guard_msgs/share/vision_guard_msgs/environment/library_path.sh
-- Installing: /home/ironcladhealer769/Vision-Guard-using-ROS2-Jazzy/install/vision_guard_msgs/share/vision_guard_msgs/environment/library_path.dsv
-- Installing: /home/ironcladhealer769/Vision-Guard-using-ROS2-Jazzy/install/vision_guard_msgs/lib/libvision_guard_msgs__rosidl_generator_c.so
-- Set non-toolchain portion of runtime path of "/home/ironcladhealer769/Vision-Guard-using-ROS2-Jazzy/install/vision_guard_msgs/lib/libvision_guard_msgs__rosidl_generator_c.so" to ""
-- Up-to-date: /home/ironcladhealer769/Vision-Guard-using-ROS2-Jazzy/install/vision_guard_msgs/include/vision_guard_msgs/vision_guard_msgs
-- Up-to-date: /home/ironcladhealer769/Vision-Guard-using-ROS2-Jazzy/install/vision_guard_msgs/include/vision_guard_msgs/vision_guard_msgs/msg
-- Installing: /home/ironcladhealer769/Vision-Guard-using-ROS2-Jazzy/install/vision_guard_msgs/include/vision_guard_msgs/vision_guard_msgs/msg/rosidl_typesupport_fastrtps_c__visibility_control.h
-- Up-to-date: /home/ironcladhealer769/Vision-Guard-using-ROS2-Jazzy/install/vision_guard_msgs/include/vision_guard_msgs/vision_guard_msgs/msg/detail
-- Installing: /home/ironcladhealer769/Vision-Guard-using-ROS2-Jazzy/install/vision_guard_msgs/include/vision_guard_msgs/vision_guard_msgs/msg/detail/detection__rosidl_typesupport_fastrtps_c.h
-- Installing: /home/ironcladhealer769/Vision-Guard-using-ROS2-Jazzy/install/vision_guard_msgs/lib/libvision_guard_msgs__rosidl_typesupport_fastrtps_c.so
-- Set non-toolchain portion of runtime path of "/home/ironcladhealer769/Vision-Guard-using-ROS2-Jazzy/install/vision_guard_msgs/lib/libvision_guard_msgs__rosidl_typesupport_fastrtps_c.so" to ""
-- Up-to-date: /home/ironcladhealer769/Vision-Guard-using-ROS2-Jazzy/install/vision_guard_msgs/include/vision_guard_msgs/vision_guard_msgs
-- Up-to-date: /home/ironcladhealer769/Vision-Guard-using-ROS2-Jazzy/install/vision_guard_msgs/include/vision_guard_msgs/vision_guard_msgs/msg
-- Installing: /home/ironcladhealer769/Vision-Guard-using-ROS2-Jazzy/install/vision_guard_msgs/include/vision_guard_msgs/vision_guard_msgs/msg/rosidl_typesupport_introspection_c__visibility_control.h
-- Up-to-date: /home/ironcladhealer769/Vision-Guard-using-ROS2-Jazzy/install/vision_guard_msgs/include/vision_guard_msgs/vision_guard_msgs/msg/detail
-- Installing: /home/ironcladhealer769/Vision-Guard-using-ROS2-Jazzy/install/vision_guard_msgs/include/vision_guard_msgs/vision_guard_msgs/msg/detail/detection__type_support.c
-- Installing: /home/ironcladhealer769/Vision-Guard-using-ROS2-Jazzy/install/vision_guard_msgs/include/vision_guard_msgs/vision_guard_msgs/msg/detail/detection__rosidl_typesupport_introspection_c.h
-- Installing: /home/ironcladhealer769/Vision-Guard-using-ROS2-Jazzy/install/vision_guard_msgs/lib/libvision_guard_msgs__rosidl_typesupport_introspection_c.so
-- Set non-toolchain portion of runtime path of "/home/ironcladhealer769/Vision-Guard-using-ROS2-Jazzy/install/vision_guard_msgs/lib/libvision_guard_msgs__rosidl_typesupport_introspection_c.so" to ""
-- Installing: /home/ironcladhealer769/Vision-Guard-using-ROS2-Jazzy/install/vision_guard_msgs/lib/libvision_guard_msgs__rosidl_typesupport_c.so
-- Set non-toolchain portion of runtime path of "/home/ironcladhealer769/Vision-Guard-using-ROS2-Jazzy/install/vision_guard_msgs/lib/libvision_guard_msgs__rosidl_typesupport_c.so" to ""
-- Up-to-date: /home/ironcladhealer769/Vision-Guard-using-ROS2-Jazzy/install/vision_guard_msgs/include/vision_guard_msgs/vision_guard_msgs
-- Up-to-date: /home/ironcladhealer769/Vision-Guard-using-ROS2-Jazzy/install/vision_guard_msgs/include/vision_guard_msgs/vision_guard_msgs/msg
-- Installing: /home/ironcladhealer769/Vision-Guard-using-ROS2-Jazzy/install/vision_guard_msgs/include/vision_guard_msgs/vision_guard_msgs/msg/rosidl_generator_cpp__visibility_control.hpp
-- Installing: /home/ironcladhealer769/Vision-Guard-using-ROS2-Jazzy/install/vision_guard_msgs/include/vision_guard_msgs/vision_guard_msgs/msg/detection.hpp
-- Up-to-date: /home/ironcladhealer769/Vision-Guard-using-ROS2-Jazzy/install/vision_guard_msgs/include/vision_guard_msgs/vision_guard_msgs/msg/detail
-- Installing: /home/ironcladhealer769/Vision-Guard-using-ROS2-Jazzy/install/vision_guard_msgs/include/vision_guard_msgs/vision_guard_msgs/msg/detail/detection__type_support.hpp
-- Installing: /home/ironcladhealer769/Vision-Guard-using-ROS2-Jazzy/install/vision_guard_msgs/include/vision_guard_msgs/vision_guard_msgs/msg/detail/detection__struct.hpp
-- Installing: /home/ironcladhealer769/Vision-Guard-using-ROS2-Jazzy/install/vision_guard_msgs/include/vision_guard_msgs/vision_guard_msgs/msg/detail/detection__builder.hpp
-- Installing: /home/ironcladhealer769/Vision-Guard-using-ROS2-Jazzy/install/vision_guard_msgs/include/vision_guard_msgs/vision_guard_msgs/msg/detail/detection__traits.hpp
-- Up-to-date: /home/ironcladhealer769/Vision-Guard-using-ROS2-Jazzy/install/vision_guard_msgs/include/vision_guard_msgs/vision_guard_msgs
-- Up-to-date: /home/ironcladhealer769/Vision-Guard-using-ROS2-Jazzy/install/vision_guard_msgs/include/vision_guard_msgs/vision_guard_msgs/msg
-- Installing: /home/ironcladhealer769/Vision-Guard-using-ROS2-Jazzy/install/vision_guard_msgs/include/vision_guard_msgs/vision_guard_msgs/msg/rosidl_typesupport_fastrtps_cpp__visibility_control.h
-- Up-to-date: /home/ironcladhealer769/Vision-Guard-using-ROS2-Jazzy/install/vision_guard_msgs/include/vision_guard_msgs/vision_guard_msgs/msg/detail
-- Installing: /home/ironcladhealer769/Vision-Guard-using-ROS2-Jazzy/install/vision_guard_msgs/include/vision_guard_msgs/vision_guard_msgs/msg/detail/detection__rosidl_typesupport_fastrtps_cpp.hpp
-- Installing: /home/ironcladhealer769/Vision-Guard-using-ROS2-Jazzy/install/vision_guard_msgs/include/vision_guard_msgs/vision_guard_msgs/msg/detail/dds_fastrtps
-- Installing: /home/ironcladhealer769/Vision-Guard-using-ROS2-Jazzy/install/vision_guard_msgs/lib/libvision_guard_msgs__rosidl_typesupport_fastrtps_cpp.so
-- Set non-toolchain portion of runtime path of "/home/ironcladhealer769/Vision-Guard-using-ROS2-Jazzy/install/vision_guard_msgs/lib/libvision_guard_msgs__rosidl_typesupport_fastrtps_cpp.so" to ""
-- Up-to-date: /home/ironcladhealer769/Vision-Guard-using-ROS2-Jazzy/install/vision_guard_msgs/include/vision_guard_msgs/vision_guard_msgs
-- Up-to-date: /home/ironcladhealer769/Vision-Guard-using-ROS2-Jazzy/install/vision_guard_msgs/include/vision_guard_msgs/vision_guard_msgs/msg
-- Up-to-date: /home/ironcladhealer769/Vision-Guard-using-ROS2-Jazzy/install/vision_guard_msgs/include/vision_guard_msgs/vision_guard_msgs/msg/detail
-- Installing: /home/ironcladhealer769/Vision-Guard-using-ROS2-Jazzy/install/vision_guard_msgs/include/vision_guard_msgs/vision_guard_msgs/msg/detail/detection__rosidl_typesupport_introspection_cpp.hpp
-- Installing: /home/ironcladhealer769/Vision-Guard-using-ROS2-Jazzy/install/vision_guard_msgs/include/vision_guard_msgs/vision_guard_msgs/msg/detail/detection__type_support.cpp
-- Installing: /home/ironcladhealer769/Vision-Guard-using-ROS2-Jazzy/install/vision_guard_msgs/lib/libvision_guard_msgs__rosidl_typesupport_introspection_cpp.so
-- Set non-toolchain portion of runtime path of "/home/ironcladhealer769/Vision-Guard-using-ROS2-Jazzy/install/vision_guard_msgs/lib/libvision_guard_msgs__rosidl_typesupport_introspection_cpp.so" to ""
-- Installing: /home/ironcladhealer769/Vision-Guard-using-ROS2-Jazzy/install/vision_guard_msgs/lib/libvision_guard_msgs__rosidl_typesupport_cpp.so
-- Set non-toolchain portion of runtime path of "/home/ironcladhealer769/Vision-Guard-using-ROS2-Jazzy/install/vision_guard_msgs/lib/libvision_guard_msgs__rosidl_typesupport_cpp.so" to ""
-- Installing: /home/ironcladhealer769/Vision-Guard-using-ROS2-Jazzy/install/vision_guard_msgs/share/vision_guard_msgs/environment/pythonpath.sh
-- Installing: /home/ironcladhealer769/Vision-Guard-using-ROS2-Jazzy/install/vision_guard_msgs/share/vision_guard_msgs/environment/pythonpath.dsv
-- Installing: /home/ironcladhealer769/Vision-Guard-using-ROS2-Jazzy/install/vision_guard_msgs/lib/python3.12/site-packages/vision_guard_msgs-0.0.1-py3.12.egg-info
-- Installing: /home/ironcladhealer769/Vision-Guard-using-ROS2-Jazzy/install/vision_guard_msgs/lib/python3.12/site-packages/vision_guard_msgs-0.0.1-py3.12.egg-info/SOURCES.txt
-- Installing: /home/ironcladhealer769/Vision-Guard-using-ROS2-Jazzy/install/vision_guard_msgs/lib/python3.12/site-packages/vision_guard_msgs-0.0.1-py3.12.egg-info/top_level.txt
-- Installing: /home/ironcladhealer769/Vision-Guard-using-ROS2-Jazzy/install/vision_guard_msgs/lib/python3.12/site-packages/vision_guard_msgs-0.0.1-py3.12.egg-info/PKG-INFO
-- Installing: /home/ironcladhealer769/Vision-Guard-using-ROS2-Jazzy/install/vision_guard_msgs/lib/python3.12/site-packages/vision_guard_msgs-0.0.1-py3.12.egg-info/dependency_links.txt
-- Installing: /home/ironcladhealer769/Vision-Guard-using-ROS2-Jazzy/install/vision_guard_msgs/lib/python3.12/site-packages/vision_guard_msgs
-- Installing: /home/ironcladhealer769/Vision-Guard-using-ROS2-Jazzy/install/vision_guard_msgs/lib/python3.12/site-packages/vision_guard_msgs/vision_guard_msgs_s__rosidl_typesupport_introspection_c.so
-- Installing: /home/ironcladhealer769/Vision-Guard-using-ROS2-Jazzy/install/vision_guard_msgs/lib/python3.12/site-packages/vision_guard_msgs/__init__.py
-- Installing: /home/ironcladhealer769/Vision-Guard-using-ROS2-Jazzy/install/vision_guard_msgs/lib/python3.12/site-packages/vision_guard_msgs/vision_guard_msgs_s__rosidl_typesupport_fastrtps_c.so
-- Installing: /home/ironcladhealer769/Vision-Guard-using-ROS2-Jazzy/install/vision_guard_msgs/lib/python3.12/site-packages/vision_guard_msgs/_vision_guard_msgs_s.ep.rosidl_typesupport_c.c
-- Installing: /home/ironcladhealer769/Vision-Guard-using-ROS2-Jazzy/install/vision_guard_msgs/lib/python3.12/site-packages/vision_guard_msgs/_vision_guard_msgs_s.ep.rosidl_typesupport_fastrtps_c.c
-- Installing: /home/ironcladhealer769/Vision-Guard-using-ROS2-Jazzy/install/vision_guard_msgs/lib/python3.12/site-packages/vision_guard_msgs/msg
-- Installing: /home/ironcladhealer769/Vision-Guard-using-ROS2-Jazzy/install/vision_guard_msgs/lib/python3.12/site-packages/vision_guard_msgs/msg/__init__.py
-- Installing: /home/ironcladhealer769/Vision-Guard-using-ROS2-Jazzy/install/vision_guard_msgs/lib/python3.12/site-packages/vision_guard_msgs/msg/_detection_s.c
-- Installing: /home/ironcladhealer769/Vision-Guard-using-ROS2-Jazzy/install/vision_guard_msgs/lib/python3.12/site-packages/vision_guard_msgs/msg/_detection.py
-- Installing: /home/ironcladhealer769/Vision-Guard-using-ROS2-Jazzy/install/vision_guard_msgs/lib/python3.12/site-packages/vision_guard_msgs/_vision_guard_msgs_s.ep.rosidl_typesupport_introspection_c.c
-- Installing: /home/ironcladhealer769/Vision-Guard-using-ROS2-Jazzy/install/vision_guard_msgs/lib/python3.12/site-packages/vision_guard_msgs/vision_guard_msgs_s__rosidl_typesupport_c.so
Listing '/home/ironcladhealer769/Vision-Guard-using-ROS2-Jazzy/install/vision_guard_msgs/lib/python3.12/site-packages/vision_guard_msgs'...
Compiling '/home/ironcladhealer769/Vision-Guard-using-ROS2-Jazzy/install/vision_guard_msgs/lib/python3.12/site-packages/vision_guard_msgs/__init__.py'...
Listing '/home/ironcladhealer769/Vision-Guard-using-ROS2-Jazzy/install/vision_guard_msgs/lib/python3.12/site-packages/vision_guard_msgs/msg'...
Compiling '/home/ironcladhealer769/Vision-Guard-using-ROS2-Jazzy/install/vision_guard_msgs/lib/python3.12/site-packages/vision_guard_msgs/msg/__init__.py'...
Compiling '/home/ironcladhealer769/Vision-Guard-using-ROS2-Jazzy/install/vision_guard_msgs/lib/python3.12/site-packages/vision_guard_msgs/msg/_detection.py'...
-- Installing: /home/ironcladhealer769/Vision-Guard-using-ROS2-Jazzy/install/vision_guard_msgs/lib/python3.12/site-packages/vision_guard_msgs/vision_guard_msgs_s__rosidl_typesupport_fastrtps_c.so
-- Set non-toolchain portion of runtime path of "/home/ironcladhealer769/Vision-Guard-using-ROS2-Jazzy/install/vision_guard_msgs/lib/python3.12/site-packages/vision_guard_msgs/vision_guard_msgs_s__rosidl_typesupport_fastrtps_c.so" to ""
-- Installing: /home/ironcladhealer769/Vision-Guard-using-ROS2-Jazzy/install/vision_guard_msgs/lib/python3.12/site-packages/vision_guard_msgs/vision_guard_msgs_s__rosidl_typesupport_introspection_c.so
-- Set non-toolchain portion of runtime path of "/home/ironcladhealer769/Vision-Guard-using-ROS2-Jazzy/install/vision_guard_msgs/lib/python3.12/site-packages/vision_guard_msgs/vision_guard_msgs_s__rosidl_typesupport_introspection_c.so" to ""
-- Installing: /home/ironcladhealer769/Vision-Guard-using-ROS2-Jazzy/install/vision_guard_msgs/lib/python3.12/site-packages/vision_guard_msgs/vision_guard_msgs_s__rosidl_typesupport_c.so
-- Set non-toolchain portion of runtime path of "/home/ironcladhealer769/Vision-Guard-using-ROS2-Jazzy/install/vision_guard_msgs/lib/python3.12/site-packages/vision_guard_msgs/vision_guard_msgs_s__rosidl_typesupport_c.so" to ""
-- Installing: /home/ironcladhealer769/Vision-Guard-using-ROS2-Jazzy/install/vision_guard_msgs/lib/libvision_guard_msgs__rosidl_generator_py.so
-- Set non-toolchain portion of runtime path of "/home/ironcladhealer769/Vision-Guard-using-ROS2-Jazzy/install/vision_guard_msgs/lib/libvision_guard_msgs__rosidl_generator_py.so" to ""
-- Installing: /home/ironcladhealer769/Vision-Guard-using-ROS2-Jazzy/install/vision_guard_msgs/share/ament_index/resource_index/rust_packages/vision_guard_msgs
-- Installing: /home/ironcladhealer769/Vision-Guard-using-ROS2-Jazzy/install/vision_guard_msgs/share/vision_guard_msgs/rust
-- Installing: /home/ironcladhealer769/Vision-Guard-using-ROS2-Jazzy/install/vision_guard_msgs/share/vision_guard_msgs/rust/src
-- Installing: /home/ironcladhealer769/Vision-Guard-using-ROS2-Jazzy/install/vision_guard_msgs/share/vision_guard_msgs/rust/src/msg.rs
-- Installing: /home/ironcladhealer769/Vision-Guard-using-ROS2-Jazzy/install/vision_guard_msgs/share/vision_guard_msgs/rust/src/msg
-- Installing: /home/ironcladhealer769/Vision-Guard-using-ROS2-Jazzy/install/vision_guard_msgs/share/vision_guard_msgs/rust/src/msg/rmw.rs
-- Installing: /home/ironcladhealer769/Vision-Guard-using-ROS2-Jazzy/install/vision_guard_msgs/share/vision_guard_msgs/rust/src/lib.rs
-- Installing: /home/ironcladhealer769/Vision-Guard-using-ROS2-Jazzy/install/vision_guard_msgs/share/vision_guard_msgs/rust/build.rs
-- Installing: /home/ironcladhealer769/Vision-Guard-using-ROS2-Jazzy/install/vision_guard_msgs/share/vision_guard_msgs/rust/Cargo.toml
-- Installing: /home/ironcladhealer769/Vision-Guard-using-ROS2-Jazzy/install/vision_guard_msgs/share/vision_guard_msgs/msg/Detection.idl
-- Installing: /home/ironcladhealer769/Vision-Guard-using-ROS2-Jazzy/install/vision_guard_msgs/share/vision_guard_msgs/msg/Detection.msg
-- Installing: /home/ironcladhealer769/Vision-Guard-using-ROS2-Jazzy/install/vision_guard_msgs/share/ament_index/resource_index/package_run_dependencies/vision_guard_msgs
-- Installing: /home/ironcladhealer769/Vision-Guard-using-ROS2-Jazzy/install/vision_guard_msgs/share/ament_index/resource_index/parent_prefix_path/vision_guard_msgs
-- Installing: /home/ironcladhealer769/Vision-Guard-using-ROS2-Jazzy/install/vision_guard_msgs/share/vision_guard_msgs/environment/ament_prefix_path.sh
-- Installing: /home/ironcladhealer769/Vision-Guard-using-ROS2-Jazzy/install/vision_guard_msgs/share/vision_guard_msgs/environment/ament_prefix_path.dsv
-- Installing: /home/ironcladhealer769/Vision-Guard-using-ROS2-Jazzy/install/vision_guard_msgs/share/vision_guard_msgs/environment/path.sh
-- Installing: /home/ironcladhealer769/Vision-Guard-using-ROS2-Jazzy/install/vision_guard_msgs/share/vision_guard_msgs/environment/path.dsv
-- Installing: /home/ironcladhealer769/Vision-Guard-using-ROS2-Jazzy/install/vision_guard_msgs/share/vision_guard_msgs/local_setup.bash
-- Installing: /home/ironcladhealer769/Vision-Guard-using-ROS2-Jazzy/install/vision_guard_msgs/share/vision_guard_msgs/local_setup.sh
-- Installing: /home/ironcladhealer769/Vision-Guard-using-ROS2-Jazzy/install/vision_guard_msgs/share/vision_guard_msgs/local_setup.zsh
-- Installing: /home/ironcladhealer769/Vision-Guard-using-ROS2-Jazzy/install/vision_guard_msgs/share/vision_guard_msgs/local_setup.dsv
-- Installing: /home/ironcladhealer769/Vision-Guard-using-ROS2-Jazzy/install/vision_guard_msgs/share/vision_guard_msgs/package.dsv
-- Installing: /home/ironcladhealer769/Vision-Guard-using-ROS2-Jazzy/install/vision_guard_msgs/share/ament_index/resource_index/packages/vision_guard_msgs
-- Installing: /home/ironcladhealer769/Vision-Guard-using-ROS2-Jazzy/install/vision_guard_msgs/share/vision_guard_msgs/cmake/export_vision_guard_msgs__rosidl_generator_cExport.cmake
-- Installing: /home/ironcladhealer769/Vision-Guard-using-ROS2-Jazzy/install/vision_guard_msgs/share/vision_guard_msgs/cmake/export_vision_guard_msgs__rosidl_generator_cExport-noconfig.cmake
-- Installing: /home/ironcladhealer769/Vision-Guard-using-ROS2-Jazzy/install/vision_guard_msgs/share/vision_guard_msgs/cmake/export_vision_guard_msgs__rosidl_typesupport_fastrtps_cExport.cmake
-- Installing: /home/ironcladhealer769/Vision-Guard-using-ROS2-Jazzy/install/vision_guard_msgs/share/vision_guard_msgs/cmake/export_vision_guard_msgs__rosidl_typesupport_fastrtps_cExport-noconfig.cmake
-- Installing: /home/ironcladhealer769/Vision-Guard-using-ROS2-Jazzy/install/vision_guard_msgs/share/vision_guard_msgs/cmake/vision_guard_msgs__rosidl_typesupport_introspection_cExport.cmake
-- Installing: /home/ironcladhealer769/Vision-Guard-using-ROS2-Jazzy/install/vision_guard_msgs/share/vision_guard_msgs/cmake/vision_guard_msgs__rosidl_typesupport_introspection_cExport-noconfig.cmake
-- Installing: /home/ironcladhealer769/Vision-Guard-using-ROS2-Jazzy/install/vision_guard_msgs/share/vision_guard_msgs/cmake/vision_guard_msgs__rosidl_typesupport_cExport.cmake
-- Installing: /home/ironcladhealer769/Vision-Guard-using-ROS2-Jazzy/install/vision_guard_msgs/share/vision_guard_msgs/cmake/vision_guard_msgs__rosidl_typesupport_cExport-noconfig.cmake
-- Installing: /home/ironcladhealer769/Vision-Guard-using-ROS2-Jazzy/install/vision_guard_msgs/share/vision_guard_msgs/cmake/export_vision_guard_msgs__rosidl_generator_cppExport.cmake
-- Installing: /home/ironcladhealer769/Vision-Guard-using-ROS2-Jazzy/install/vision_guard_msgs/share/vision_guard_msgs/cmake/export_vision_guard_msgs__rosidl_typesupport_fastrtps_cppExport.cmake
-- Installing: /home/ironcladhealer769/Vision-Guard-using-ROS2-Jazzy/install/vision_guard_msgs/share/vision_guard_msgs/cmake/export_vision_guard_msgs__rosidl_typesupport_fastrtps_cppExport-noconfig.cmake
-- Installing: /home/ironcladhealer769/Vision-Guard-using-ROS2-Jazzy/install/vision_guard_msgs/share/vision_guard_msgs/cmake/vision_guard_msgs__rosidl_typesupport_introspection_cppExport.cmake
-- Installing: /home/ironcladhealer769/Vision-Guard-using-ROS2-Jazzy/install/vision_guard_msgs/share/vision_guard_msgs/cmake/vision_guard_msgs__rosidl_typesupport_introspection_cppExport-noconfig.cmake
-- Installing: /home/ironcladhealer769/Vision-Guard-using-ROS2-Jazzy/install/vision_guard_msgs/share/vision_guard_msgs/cmake/vision_guard_msgs__rosidl_typesupport_cppExport.cmake
-- Installing: /home/ironcladhealer769/Vision-Guard-using-ROS2-Jazzy/install/vision_guard_msgs/share/vision_guard_msgs/cmake/vision_guard_msgs__rosidl_typesupport_cppExport-noconfig.cmake
-- Installing: /home/ironcladhealer769/Vision-Guard-using-ROS2-Jazzy/install/vision_guard_msgs/share/vision_guard_msgs/cmake/export_vision_guard_msgs__rosidl_generator_pyExport.cmake
-- Installing: /home/ironcladhealer769/Vision-Guard-using-ROS2-Jazzy/install/vision_guard_msgs/share/vision_guard_msgs/cmake/export_vision_guard_msgs__rosidl_generator_pyExport-noconfig.cmake
-- Installing: /home/ironcladhealer769/Vision-Guard-using-ROS2-Jazzy/install/vision_guard_msgs/share/vision_guard_msgs/cmake/rosidl_cmake-extras.cmake
-- Installing: /home/ironcladhealer769/Vision-Guard-using-ROS2-Jazzy/install/vision_guard_msgs/share/vision_guard_msgs/cmake/ament_cmake_export_include_directories-extras.cmake
-- Installing: /home/ironcladhealer769/Vision-Guard-using-ROS2-Jazzy/install/vision_guard_msgs/share/vision_guard_msgs/cmake/ament_cmake_export_libraries-extras.cmake
-- Installing: /home/ironcladhealer769/Vision-Guard-using-ROS2-Jazzy/install/vision_guard_msgs/share/vision_guard_msgs/cmake/ament_cmake_export_targets-extras.cmake
-- Installing: /home/ironcladhealer769/Vision-Guard-using-ROS2-Jazzy/install/vision_guard_msgs/share/vision_guard_msgs/cmake/rosidl_cmake_export_typesupport_targets-extras.cmake
-- Installing: /home/ironcladhealer769/Vision-Guard-using-ROS2-Jazzy/install/vision_guard_msgs/share/vision_guard_msgs/cmake/ament_cmake_export_dependencies-extras.cmake
-- Installing: /home/ironcladhealer769/Vision-Guard-using-ROS2-Jazzy/install/vision_guard_msgs/share/vision_guard_msgs/cmake/rosidl_cmake_export_typesupport_libraries-extras.cmake
-- Installing: /home/ironcladhealer769/Vision-Guard-using-ROS2-Jazzy/install/vision_guard_msgs/share/vision_guard_msgs/cmake/vision_guard_msgsConfig.cmake
-- Installing: /home/ironcladhealer769/Vision-Guard-using-ROS2-Jazzy/install/vision_guard_msgs/share/vision_guard_msgs/cmake/vision_guard_msgsConfig-version.cmake
-- Installing: /home/ironcladhealer769/Vision-Guard-using-ROS2-Jazzy/install/vision_guard_msgs/share/vision_guard_msgs/package.xml
