[0.062s] Invoking command in '/home/ironcladhealer769/Vision-Guard-using-ROS2-Jazzy/build/vision_guard_msgs': CMAKE_PREFIX_PATH=${CMAKE_PREFIX_PATH}:/opt/ros/jazzy /usr/bin/cmake /home/ironcladhealer769/Vision-Guard-using-ROS2-Jazzy/src/vision_guard_msgs -DPYTHON_EXECUTABLE=/usr/bin/python3 -DCMAKE_INSTALL_PREFIX=/home/ironcladhealer769/Vision-Guard-using-ROS2-Jazzy/install/vision_guard_msgs
[0.428s] -- The C compiler identification is GNU 13.3.0
[2.225s] -- The CXX compiler identification is GNU 13.3.0
[3.977s] -- Detecting C compiler ABI info
[4.759s] -- Detecting C compiler ABI info - done
[4.798s] -- Check for working C compiler: /usr/bin/cc - skipped
[4.799s] -- Detecting C compile features
[4.799s] -- Detecting C compile features - done
[4.945s] -- Detecting CXX compiler ABI info
[5.408s] -- Detecting CXX compiler ABI info - done
[5.443s] -- Check for working CXX compiler: /usr/bin/c++ - skipped
[5.443s] -- Detecting CXX compile features
[5.444s] -- Detecting CXX compile features - done
[5.450s] -- Found ament_cmake: 2.5.6 (/opt/ros/jazzy/share/ament_cmake/cmake)
[5.970s] -- Found Python3: /usr/bin/python3 (found version "3.12.3") found components: Interpreter 
[6.296s] -- Found rosidl_default_generators: 1.6.0 (/opt/ros/jazzy/share/rosidl_default_generators/cmake)
[6.316s] -- Using all available rosidl_typesupport_c: rosidl_typesupport_fastrtps_c;rosidl_typesupport_introspection_c
[6.667s] -- Using all available rosidl_typesupport_cpp: rosidl_typesupport_fastrtps_cpp;rosidl_typesupport_introspection_cpp
[6.782s] -- Found rosidl_adapter: 4.6.7 (/opt/ros/jazzy/share/rosidl_adapter/cmake)
[9.752s] -- Found ament_cmake_ros: 0.12.0 (/opt/ros/jazzy/share/ament_cmake_ros/cmake)
[13.627s] -- Using all available rosidl_typesupport_c: rosidl_typesupport_fastrtps_c;rosidl_typesupport_introspection_c
[15.195s] -- Using all available rosidl_typesupport_cpp: rosidl_typesupport_fastrtps_cpp;rosidl_typesupport_introspection_cpp
[15.501s] -- Found python_cmake_module: 0.11.1 (/opt/ros/jazzy/share/python_cmake_module/cmake)
[16.019s] -- Found PythonExtra: /usr/bin/python3  
[19.940s] -- Found Python3: /usr/bin/python3 (found version "3.12.3") found components: Interpreter Development NumPy Development.Module Development.Embed 
[20.762s] -- Found Python3: /usr/bin/python3 (found version "3.12.3") found components: Interpreter 
[21.006s] -- Configuring done (20.9s)
[21.477s] -- Generating done (0.4s)
[21.554s] -- Build files have been written to: /home/ironcladhealer769/Vision-Guard-using-ROS2-Jazzy/build/vision_guard_msgs
[21.587s] Invoked command in '/home/ironcladhealer769/Vision-Guard-using-ROS2-Jazzy/build/vision_guard_msgs' returned '0': CMAKE_PREFIX_PATH=${CMAKE_PREFIX_PATH}:/opt/ros/jazzy /usr/bin/cmake /home/ironcladhealer769/Vision-Guard-using-ROS2-Jazzy/src/vision_guard_msgs -DPYTHON_EXECUTABLE=/usr/bin/python3 -DCMAKE_INSTALL_PREFIX=/home/ironcladhealer769/Vision-Guard-using-ROS2-Jazzy/install/vision_guard_msgs
[21.588s] Invoking command in '/home/ironcladhealer769/Vision-Guard-using-ROS2-Jazzy/build/vision_guard_msgs': CMAKE_PREFIX_PATH=${CMAKE_PREFIX_PATH}:/opt/ros/jazzy /usr/bin/cmake --build /home/ironcladhealer769/Vision-Guard-using-ROS2-Jazzy/build/vision_guard_msgs -- -j4 -l4
[21.729s] [  2%] [34m[1mGenerating type hashes for ROS interfaces[0m
[21.736s] [  5%] [34m[1mGenerating Rust code for ROS interfaces[0m
[21.760s] [  5%] Built target ament_cmake_python_copy_vision_guard_msgs
[25.089s] running egg_info
[25.089s] creating vision_guard_msgs.egg-info
[25.326s] writing vision_guard_msgs.egg-info/PKG-INFO
[25.390s] writing dependency_links to vision_guard_msgs.egg-info/dependency_links.txt
[25.390s] writing top-level names to vision_guard_msgs.egg-info/top_level.txt
[25.391s] writing manifest file 'vision_guard_msgs.egg-info/SOURCES.txt'
[26.797s] reading manifest file 'vision_guard_msgs.egg-info/SOURCES.txt'
[26.799s] writing manifest file 'vision_guard_msgs.egg-info/SOURCES.txt'
[27.323s] [  5%] Built target ament_cmake_python_build_vision_guard_msgs_egg
[27.607s] [  5%] Built target vision_guard_msgs__rosidl_generator_type_description
[27.651s] [  8%] [34m[1mGenerating C code for ROS interfaces[0m
[27.739s] [ 11%] [34m[1mGenerating C++ code for ROS interfaces[0m
[27.827s] [ 11%] Built target vision_guard_msgs__rs
[29.383s] [ 11%] Built target vision_guard_msgs__cpp
[29.705s] [ 14%] [32mBuilding C object CMakeFiles/vision_guard_msgs__rosidl_generator_c.dir/rosidl_generator_c/vision_guard_msgs/msg/detail/detection__functions.c.o[0m
[29.706s] [ 17%] [32mBuilding C object CMakeFiles/vision_guard_msgs__rosidl_generator_c.dir/rosidl_generator_c/vision_guard_msgs/msg/detail/detection__description.c.o[0m
[29.706s] [ 20%] [32mBuilding C object CMakeFiles/vision_guard_msgs__rosidl_generator_c.dir/rosidl_generator_c/vision_guard_msgs/msg/detail/detection__type_support.c.o[0m
[32.405s] [ 22%] [32m[1mLinking C shared library libvision_guard_msgs__rosidl_generator_c.so[0m
[32.727s] [ 22%] Built target vision_guard_msgs__rosidl_generator_c
[32.753s] [ 25%] [34m[1mGenerating C type support dispatch for ROS interfaces[0m
[32.753s] [ 28%] [34m[1mGenerating C++ type support dispatch for ROS interfaces[0m
[32.761s] [ 31%] [34m[1mGenerating C++ introspection for ROS interfaces[0m
[32.773s] [ 34%] [34m[1mGenerating C type support for eProsima Fast-RTPS[0m
[38.747s] [ 37%] [32mBuilding CXX object CMakeFiles/vision_guard_msgs__rosidl_typesupport_fastrtps_c.dir/rosidl_typesupport_fastrtps_c/vision_guard_msgs/msg/detail/detection__type_support_c.cpp.o[0m
[38.918s] [ 40%] [32mBuilding CXX object CMakeFiles/vision_guard_msgs__rosidl_typesupport_cpp.dir/rosidl_typesupport_cpp/vision_guard_msgs/msg/detection__type_support.cpp.o[0m
[39.086s] [ 42%] [32mBuilding CXX object CMakeFiles/vision_guard_msgs__rosidl_typesupport_introspection_cpp.dir/rosidl_typesupport_introspection_cpp/vision_guard_msgs/msg/detail/detection__type_support.cpp.o[0m
[39.472s] [ 45%] [32mBuilding CXX object CMakeFiles/vision_guard_msgs__rosidl_typesupport_c.dir/rosidl_typesupport_c/vision_guard_msgs/msg/detection__type_support.cpp.o[0m
[39.879s] [ 48%] [32m[1mLinking CXX shared library libvision_guard_msgs__rosidl_typesupport_c.so[0m
[40.408s] [ 48%] Built target vision_guard_msgs__rosidl_typesupport_c
[40.431s] [ 51%] [34m[1mGenerating C introspection for ROS interfaces[0m
[41.908s] [ 54%] [32mBuilding C object CMakeFiles/vision_guard_msgs__rosidl_typesupport_introspection_c.dir/rosidl_typesupport_introspection_c/vision_guard_msgs/msg/detail/detection__type_support.c.o[0m
[42.269s] [ 57%] [32m[1mLinking C shared library libvision_guard_msgs__rosidl_typesupport_introspection_c.so[0m
[43.124s] [ 57%] Built target vision_guard_msgs__rosidl_typesupport_introspection_c
[43.564s] [ 60%] [34m[1mGenerating C++ type support for eProsima Fast-RTPS[0m
[74.513s] [ 62%] [32m[1mLinking CXX shared library libvision_guard_msgs__rosidl_typesupport_cpp.so[0m
[74.562s] [ 65%] [32m[1mLinking CXX shared library libvision_guard_msgs__rosidl_typesupport_introspection_cpp.so[0m
[74.758s] [ 68%] [32mBuilding CXX object CMakeFiles/vision_guard_msgs__rosidl_typesupport_fastrtps_cpp.dir/rosidl_typesupport_fastrtps_cpp/vision_guard_msgs/msg/detail/dds_fastrtps/detection__type_support.cpp.o[0m
[76.119s] [ 71%] [32m[1mLinking CXX shared library libvision_guard_msgs__rosidl_typesupport_fastrtps_c.so[0m
[76.189s] [ 71%] Built target vision_guard_msgs__rosidl_typesupport_cpp
[76.267s] [ 71%] Built target vision_guard_msgs__rosidl_typesupport_introspection_cpp
[76.746s] [ 71%] Built target vision_guard_msgs__rosidl_typesupport_fastrtps_c
[77.312s] [ 74%] [32m[1mLinking CXX shared library libvision_guard_msgs__rosidl_typesupport_fastrtps_cpp.so[0m
[77.707s] [ 74%] Built target vision_guard_msgs__rosidl_typesupport_fastrtps_cpp
[77.760s] [ 74%] Built target vision_guard_msgs
[77.807s] [ 77%] [34m[1mGenerating Python code for ROS interfaces[0m
[79.794s] [ 77%] Built target vision_guard_msgs__py
[79.852s] [ 80%] [32mBuilding C object CMakeFiles/vision_guard_msgs__rosidl_generator_py.dir/rosidl_generator_py/vision_guard_msgs/msg/_detection_s.c.o[0m
[82.826s] [ 82%] [32m[1mLinking C shared library libvision_guard_msgs__rosidl_generator_py.so[0m
[83.068s] [ 82%] Built target vision_guard_msgs__rosidl_generator_py
[83.136s] [ 85%] [32mBuilding C object CMakeFiles/vision_guard_msgs_s__rosidl_typesupport_fastrtps_c.dir/rosidl_generator_py/vision_guard_msgs/_vision_guard_msgs_s.ep.rosidl_typesupport_fastrtps_c.c.o[0m
[83.421s] [ 88%] [32m[1mLinking C shared module rosidl_generator_py/vision_guard_msgs/vision_guard_msgs_s__rosidl_typesupport_fastrtps_c.so[0m
[83.592s] [ 88%] Built target vision_guard_msgs_s__rosidl_typesupport_fastrtps_c
[83.641s] [ 91%] [32mBuilding C object CMakeFiles/vision_guard_msgs_s__rosidl_typesupport_c.dir/rosidl_generator_py/vision_guard_msgs/_vision_guard_msgs_s.ep.rosidl_typesupport_c.c.o[0m
[83.913s] [ 94%] [32m[1mLinking C shared module rosidl_generator_py/vision_guard_msgs/vision_guard_msgs_s__rosidl_typesupport_c.so[0m
[84.156s] [ 94%] Built target vision_guard_msgs_s__rosidl_typesupport_c
[84.205s] [ 97%] [32mBuilding C object CMakeFiles/vision_guard_msgs_s__rosidl_typesupport_introspection_c.dir/rosidl_generator_py/vision_guard_msgs/_vision_guard_msgs_s.ep.rosidl_typesupport_introspection_c.c.o[0m
[84.803s] [100%] [32m[1mLinking C shared module rosidl_generator_py/vision_guard_msgs/vision_guard_msgs_s__rosidl_typesupport_introspection_c.so[0m
[85.023s] [100%] Built target vision_guard_msgs_s__rosidl_typesupport_introspection_c
[85.086s] Invoked command in '/home/ironcladhealer769/Vision-Guard-using-ROS2-Jazzy/build/vision_guard_msgs' returned '0': CMAKE_PREFIX_PATH=${CMAKE_PREFIX_PATH}:/opt/ros/jazzy /usr/bin/cmake --build /home/ironcladhealer769/Vision-Guard-using-ROS2-Jazzy/build/vision_guard_msgs -- -j4 -l4
[85.107s] Invoking command in '/home/ironcladhealer769/Vision-Guard-using-ROS2-Jazzy/build/vision_guard_msgs': CMAKE_PREFIX_PATH=${CMAKE_PREFIX_PATH}:/opt/ros/jazzy /usr/bin/cmake --install /home/ironcladhealer769/Vision-Guard-using-ROS2-Jazzy/build/vision_guard_msgs
[85.138s] -- Install configuration: ""
[85.145s] -- Installing: /home/ironcladhealer769/Vision-Guard-using-ROS2-Jazzy/install/vision_guard_msgs/share/ament_index/resource_index/rosidl_interfaces/vision_guard_msgs
[85.148s] -- Installing: /home/ironcladhealer769/Vision-Guard-using-ROS2-Jazzy/install/vision_guard_msgs/share/vision_guard_msgs/msg/Detection.json
[85.149s] -- Installing: /home/ironcladhealer769/Vision-Guard-using-ROS2-Jazzy/install/vision_guard_msgs/include/vision_guard_msgs/vision_guard_msgs
[85.152s] -- Installing: /home/ironcladhealer769/Vision-Guard-using-ROS2-Jazzy/install/vision_guard_msgs/include/vision_guard_msgs/vision_guard_msgs/msg
[85.154s] -- Installing: /home/ironcladhealer769/Vision-Guard-using-ROS2-Jazzy/install/vision_guard_msgs/include/vision_guard_msgs/vision_guard_msgs/msg/rosidl_generator_c__visibility_control.h
[85.158s] -- Installing: /home/ironcladhealer769/Vision-Guard-using-ROS2-Jazzy/install/vision_guard_msgs/include/vision_guard_msgs/vision_guard_msgs/msg/detection.h
[85.161s] -- Installing: /home/ironcladhealer769/Vision-Guard-using-ROS2-Jazzy/install/vision_guard_msgs/include/vision_guard_msgs/vision_guard_msgs/msg/detail
[85.165s] -- Installing: /home/ironcladhealer769/Vision-Guard-using-ROS2-Jazzy/install/vision_guard_msgs/include/vision_guard_msgs/vision_guard_msgs/msg/detail/detection__type_support.h
[85.166s] -- Installing: /home/ironcladhealer769/Vision-Guard-using-ROS2-Jazzy/install/vision_guard_msgs/include/vision_guard_msgs/vision_guard_msgs/msg/detail/detection__type_support.c
[85.166s] -- Installing: /home/ironcladhealer769/Vision-Guard-using-ROS2-Jazzy/install/vision_guard_msgs/include/vision_guard_msgs/vision_guard_msgs/msg/detail/detection__functions.h
[85.166s] -- Installing: /home/ironcladhealer769/Vision-Guard-using-ROS2-Jazzy/install/vision_guard_msgs/include/vision_guard_msgs/vision_guard_msgs/msg/detail/detection__struct.h
[85.167s] -- Installing: /home/ironcladhealer769/Vision-Guard-using-ROS2-Jazzy/install/vision_guard_msgs/include/vision_guard_msgs/vision_guard_msgs/msg/detail/detection__functions.c
[85.167s] -- Installing: /home/ironcladhealer769/Vision-Guard-using-ROS2-Jazzy/install/vision_guard_msgs/include/vision_guard_msgs/vision_guard_msgs/msg/detail/detection__description.c
[85.168s] -- Installing: /home/ironcladhealer769/Vision-Guard-using-ROS2-Jazzy/install/vision_guard_msgs/share/vision_guard_msgs/environment/library_path.sh
[85.168s] -- Installing: /home/ironcladhealer769/Vision-Guard-using-ROS2-Jazzy/install/vision_guard_msgs/share/vision_guard_msgs/environment/library_path.dsv
[85.168s] -- Installing: /home/ironcladhealer769/Vision-Guard-using-ROS2-Jazzy/install/vision_guard_msgs/lib/libvision_guard_msgs__rosidl_generator_c.so
[85.169s] -- Set non-toolchain portion of runtime path of "/home/ironcladhealer769/Vision-Guard-using-ROS2-Jazzy/install/vision_guard_msgs/lib/libvision_guard_msgs__rosidl_generator_c.so" to ""
[85.169s] -- Up-to-date: /home/ironcladhealer769/Vision-Guard-using-ROS2-Jazzy/install/vision_guard_msgs/include/vision_guard_msgs/vision_guard_msgs
[85.169s] -- Up-to-date: /home/ironcladhealer769/Vision-Guard-using-ROS2-Jazzy/install/vision_guard_msgs/include/vision_guard_msgs/vision_guard_msgs/msg
[85.170s] -- Installing: /home/ironcladhealer769/Vision-Guard-using-ROS2-Jazzy/install/vision_guard_msgs/include/vision_guard_msgs/vision_guard_msgs/msg/rosidl_typesupport_fastrtps_c__visibility_control.h
[85.170s] -- Up-to-date: /home/ironcladhealer769/Vision-Guard-using-ROS2-Jazzy/install/vision_guard_msgs/include/vision_guard_msgs/vision_guard_msgs/msg/detail
[85.170s] -- Installing: /home/ironcladhealer769/Vision-Guard-using-ROS2-Jazzy/install/vision_guard_msgs/include/vision_guard_msgs/vision_guard_msgs/msg/detail/detection__rosidl_typesupport_fastrtps_c.h
[85.171s] -- Installing: /home/ironcladhealer769/Vision-Guard-using-ROS2-Jazzy/install/vision_guard_msgs/lib/libvision_guard_msgs__rosidl_typesupport_fastrtps_c.so
[85.171s] -- Set non-toolchain portion of runtime path of "/home/ironcladhealer769/Vision-Guard-using-ROS2-Jazzy/install/vision_guard_msgs/lib/libvision_guard_msgs__rosidl_typesupport_fastrtps_c.so" to ""
[85.172s] -- Up-to-date: /home/ironcladhealer769/Vision-Guard-using-ROS2-Jazzy/install/vision_guard_msgs/include/vision_guard_msgs/vision_guard_msgs
[85.172s] -- Up-to-date: /home/ironcladhealer769/Vision-Guard-using-ROS2-Jazzy/install/vision_guard_msgs/include/vision_guard_msgs/vision_guard_msgs/msg
[85.173s] -- Installing: /home/ironcladhealer769/Vision-Guard-using-ROS2-Jazzy/install/vision_guard_msgs/include/vision_guard_msgs/vision_guard_msgs/msg/rosidl_typesupport_introspection_c__visibility_control.h
[85.173s] -- Up-to-date: /home/ironcladhealer769/Vision-Guard-using-ROS2-Jazzy/install/vision_guard_msgs/include/vision_guard_msgs/vision_guard_msgs/msg/detail
[85.173s] -- Installing: /home/ironcladhealer769/Vision-Guard-using-ROS2-Jazzy/install/vision_guard_msgs/include/vision_guard_msgs/vision_guard_msgs/msg/detail/detection__type_support.c
[85.174s] -- Installing: /home/ironcladhealer769/Vision-Guard-using-ROS2-Jazzy/install/vision_guard_msgs/include/vision_guard_msgs/vision_guard_msgs/msg/detail/detection__rosidl_typesupport_introspection_c.h
[85.174s] -- Installing: /home/ironcladhealer769/Vision-Guard-using-ROS2-Jazzy/install/vision_guard_msgs/lib/libvision_guard_msgs__rosidl_typesupport_introspection_c.so
[85.175s] -- Set non-toolchain portion of runtime path of "/home/ironcladhealer769/Vision-Guard-using-ROS2-Jazzy/install/vision_guard_msgs/lib/libvision_guard_msgs__rosidl_typesupport_introspection_c.so" to ""
[85.175s] -- Installing: /home/ironcladhealer769/Vision-Guard-using-ROS2-Jazzy/install/vision_guard_msgs/lib/libvision_guard_msgs__rosidl_typesupport_c.so
[85.175s] -- Set non-toolchain portion of runtime path of "/home/ironcladhealer769/Vision-Guard-using-ROS2-Jazzy/install/vision_guard_msgs/lib/libvision_guard_msgs__rosidl_typesupport_c.so" to ""
[85.176s] -- Up-to-date: /home/ironcladhealer769/Vision-Guard-using-ROS2-Jazzy/install/vision_guard_msgs/include/vision_guard_msgs/vision_guard_msgs
[85.176s] -- Up-to-date: /home/ironcladhealer769/Vision-Guard-using-ROS2-Jazzy/install/vision_guard_msgs/include/vision_guard_msgs/vision_guard_msgs/msg
[85.176s] -- Installing: /home/ironcladhealer769/Vision-Guard-using-ROS2-Jazzy/install/vision_guard_msgs/include/vision_guard_msgs/vision_guard_msgs/msg/rosidl_generator_cpp__visibility_control.hpp
[85.177s] -- Installing: /home/ironcladhealer769/Vision-Guard-using-ROS2-Jazzy/install/vision_guard_msgs/include/vision_guard_msgs/vision_guard_msgs/msg/detection.hpp
[85.179s] -- Up-to-date: /home/ironcladhealer769/Vision-Guard-using-ROS2-Jazzy/install/vision_guard_msgs/include/vision_guard_msgs/vision_guard_msgs/msg/detail
[85.179s] -- Installing: /home/ironcladhealer769/Vision-Guard-using-ROS2-Jazzy/install/vision_guard_msgs/include/vision_guard_msgs/vision_guard_msgs/msg/detail/detection__type_support.hpp
[85.183s] -- Installing: /home/ironcladhealer769/Vision-Guard-using-ROS2-Jazzy/install/vision_guard_msgs/include/vision_guard_msgs/vision_guard_msgs/msg/detail/detection__struct.hpp
[85.184s] -- Installing: /home/ironcladhealer769/Vision-Guard-using-ROS2-Jazzy/install/vision_guard_msgs/include/vision_guard_msgs/vision_guard_msgs/msg/detail/detection__builder.hpp
[85.186s] -- Installing: /home/ironcladhealer769/Vision-Guard-using-ROS2-Jazzy/install/vision_guard_msgs/include/vision_guard_msgs/vision_guard_msgs/msg/detail/detection__traits.hpp
[85.186s] -- Up-to-date: /home/ironcladhealer769/Vision-Guard-using-ROS2-Jazzy/install/vision_guard_msgs/include/vision_guard_msgs/vision_guard_msgs
[85.187s] -- Up-to-date: /home/ironcladhealer769/Vision-Guard-using-ROS2-Jazzy/install/vision_guard_msgs/include/vision_guard_msgs/vision_guard_msgs/msg
[85.187s] -- Installing: /home/ironcladhealer769/Vision-Guard-using-ROS2-Jazzy/install/vision_guard_msgs/include/vision_guard_msgs/vision_guard_msgs/msg/rosidl_typesupport_fastrtps_cpp__visibility_control.h
[85.187s] -- Up-to-date: /home/ironcladhealer769/Vision-Guard-using-ROS2-Jazzy/install/vision_guard_msgs/include/vision_guard_msgs/vision_guard_msgs/msg/detail
[85.187s] -- Installing: /home/ironcladhealer769/Vision-Guard-using-ROS2-Jazzy/install/vision_guard_msgs/include/vision_guard_msgs/vision_guard_msgs/msg/detail/detection__rosidl_typesupport_fastrtps_cpp.hpp
[85.200s] -- Installing: /home/ironcladhealer769/Vision-Guard-using-ROS2-Jazzy/install/vision_guard_msgs/include/vision_guard_msgs/vision_guard_msgs/msg/detail/dds_fastrtps
[85.200s] -- Installing: /home/ironcladhealer769/Vision-Guard-using-ROS2-Jazzy/install/vision_guard_msgs/lib/libvision_guard_msgs__rosidl_typesupport_fastrtps_cpp.so
[85.201s] -- Set non-toolchain portion of runtime path of "/home/ironcladhealer769/Vision-Guard-using-ROS2-Jazzy/install/vision_guard_msgs/lib/libvision_guard_msgs__rosidl_typesupport_fastrtps_cpp.so" to ""
[85.201s] -- Up-to-date: /home/ironcladhealer769/Vision-Guard-using-ROS2-Jazzy/install/vision_guard_msgs/include/vision_guard_msgs/vision_guard_msgs
[85.202s] -- Up-to-date: /home/ironcladhealer769/Vision-Guard-using-ROS2-Jazzy/install/vision_guard_msgs/include/vision_guard_msgs/vision_guard_msgs/msg
[85.203s] -- Up-to-date: /home/ironcladhealer769/Vision-Guard-using-ROS2-Jazzy/install/vision_guard_msgs/include/vision_guard_msgs/vision_guard_msgs/msg/detail
[85.204s] -- Installing: /home/ironcladhealer769/Vision-Guard-using-ROS2-Jazzy/install/vision_guard_msgs/include/vision_guard_msgs/vision_guard_msgs/msg/detail/detection__rosidl_typesupport_introspection_cpp.hpp
[85.205s] -- Installing: /home/ironcladhealer769/Vision-Guard-using-ROS2-Jazzy/install/vision_guard_msgs/include/vision_guard_msgs/vision_guard_msgs/msg/detail/detection__type_support.cpp
[85.205s] -- Installing: /home/ironcladhealer769/Vision-Guard-using-ROS2-Jazzy/install/vision_guard_msgs/lib/libvision_guard_msgs__rosidl_typesupport_introspection_cpp.so
[85.205s] -- Set non-toolchain portion of runtime path of "/home/ironcladhealer769/Vision-Guard-using-ROS2-Jazzy/install/vision_guard_msgs/lib/libvision_guard_msgs__rosidl_typesupport_introspection_cpp.so" to ""
[85.206s] -- Installing: /home/ironcladhealer769/Vision-Guard-using-ROS2-Jazzy/install/vision_guard_msgs/lib/libvision_guard_msgs__rosidl_typesupport_cpp.so
[85.207s] -- Set non-toolchain portion of runtime path of "/home/ironcladhealer769/Vision-Guard-using-ROS2-Jazzy/install/vision_guard_msgs/lib/libvision_guard_msgs__rosidl_typesupport_cpp.so" to ""
[85.207s] -- Installing: /home/ironcladhealer769/Vision-Guard-using-ROS2-Jazzy/install/vision_guard_msgs/share/vision_guard_msgs/environment/pythonpath.sh
[85.207s] -- Installing: /home/ironcladhealer769/Vision-Guard-using-ROS2-Jazzy/install/vision_guard_msgs/share/vision_guard_msgs/environment/pythonpath.dsv
[85.208s] -- Installing: /home/ironcladhealer769/Vision-Guard-using-ROS2-Jazzy/install/vision_guard_msgs/lib/python3.12/site-packages/vision_guard_msgs-0.0.1-py3.12.egg-info
[85.217s] -- Installing: /home/ironcladhealer769/Vision-Guard-using-ROS2-Jazzy/install/vision_guard_msgs/lib/python3.12/site-packages/vision_guard_msgs-0.0.1-py3.12.egg-info/SOURCES.txt
[85.218s] -- Installing: /home/ironcladhealer769/Vision-Guard-using-ROS2-Jazzy/install/vision_guard_msgs/lib/python3.12/site-packages/vision_guard_msgs-0.0.1-py3.12.egg-info/top_level.txt
[85.218s] -- Installing: /home/ironcladhealer769/Vision-Guard-using-ROS2-Jazzy/install/vision_guard_msgs/lib/python3.12/site-packages/vision_guard_msgs-0.0.1-py3.12.egg-info/PKG-INFO
[85.219s] -- Installing: /home/ironcladhealer769/Vision-Guard-using-ROS2-Jazzy/install/vision_guard_msgs/lib/python3.12/site-packages/vision_guard_msgs-0.0.1-py3.12.egg-info/dependency_links.txt
[85.220s] -- Installing: /home/ironcladhealer769/Vision-Guard-using-ROS2-Jazzy/install/vision_guard_msgs/lib/python3.12/site-packages/vision_guard_msgs
[85.220s] -- Installing: /home/ironcladhealer769/Vision-Guard-using-ROS2-Jazzy/install/vision_guard_msgs/lib/python3.12/site-packages/vision_guard_msgs/vision_guard_msgs_s__rosidl_typesupport_introspection_c.so
[85.220s] -- Installing: /home/ironcladhealer769/Vision-Guard-using-ROS2-Jazzy/install/vision_guard_msgs/lib/python3.12/site-packages/vision_guard_msgs/__init__.py
[85.221s] -- Installing: /home/ironcladhealer769/Vision-Guard-using-ROS2-Jazzy/install/vision_guard_msgs/lib/python3.12/site-packages/vision_guard_msgs/vision_guard_msgs_s__rosidl_typesupport_fastrtps_c.so
[85.221s] -- Installing: /home/ironcladhealer769/Vision-Guard-using-ROS2-Jazzy/install/vision_guard_msgs/lib/python3.12/site-packages/vision_guard_msgs/_vision_guard_msgs_s.ep.rosidl_typesupport_c.c
[85.222s] -- Installing: /home/ironcladhealer769/Vision-Guard-using-ROS2-Jazzy/install/vision_guard_msgs/lib/python3.12/site-packages/vision_guard_msgs/_vision_guard_msgs_s.ep.rosidl_typesupport_fastrtps_c.c
[85.222s] -- Installing: /home/ironcladhealer769/Vision-Guard-using-ROS2-Jazzy/install/vision_guard_msgs/lib/python3.12/site-packages/vision_guard_msgs/msg
[85.223s] -- Installing: /home/ironcladhealer769/Vision-Guard-using-ROS2-Jazzy/install/vision_guard_msgs/lib/python3.12/site-packages/vision_guard_msgs/msg/__init__.py
[85.223s] -- Installing: /home/ironcladhealer769/Vision-Guard-using-ROS2-Jazzy/install/vision_guard_msgs/lib/python3.12/site-packages/vision_guard_msgs/msg/_detection_s.c
[85.223s] -- Installing: /home/ironcladhealer769/Vision-Guard-using-ROS2-Jazzy/install/vision_guard_msgs/lib/python3.12/site-packages/vision_guard_msgs/msg/_detection.py
[85.223s] -- Installing: /home/ironcladhealer769/Vision-Guard-using-ROS2-Jazzy/install/vision_guard_msgs/lib/python3.12/site-packages/vision_guard_msgs/_vision_guard_msgs_s.ep.rosidl_typesupport_introspection_c.c
[85.223s] -- Installing: /home/ironcladhealer769/Vision-Guard-using-ROS2-Jazzy/install/vision_guard_msgs/lib/python3.12/site-packages/vision_guard_msgs/vision_guard_msgs_s__rosidl_typesupport_c.so
[85.339s] Listing '/home/ironcladhealer769/Vision-Guard-using-ROS2-Jazzy/install/vision_guard_msgs/lib/python3.12/site-packages/vision_guard_msgs'...
[85.340s] Compiling '/home/ironcladhealer769/Vision-Guard-using-ROS2-Jazzy/install/vision_guard_msgs/lib/python3.12/site-packages/vision_guard_msgs/__init__.py'...
[85.340s] Listing '/home/ironcladhealer769/Vision-Guard-using-ROS2-Jazzy/install/vision_guard_msgs/lib/python3.12/site-packages/vision_guard_msgs/msg'...
[85.340s] Compiling '/home/ironcladhealer769/Vision-Guard-using-ROS2-Jazzy/install/vision_guard_msgs/lib/python3.12/site-packages/vision_guard_msgs/msg/__init__.py'...
[85.340s] Compiling '/home/ironcladhealer769/Vision-Guard-using-ROS2-Jazzy/install/vision_guard_msgs/lib/python3.12/site-packages/vision_guard_msgs/msg/_detection.py'...
[85.359s] -- Installing: /home/ironcladhealer769/Vision-Guard-using-ROS2-Jazzy/install/vision_guard_msgs/lib/python3.12/site-packages/vision_guard_msgs/vision_guard_msgs_s__rosidl_typesupport_fastrtps_c.so
[85.360s] -- Set non-toolchain portion of runtime path of "/home/ironcladhealer769/Vision-Guard-using-ROS2-Jazzy/install/vision_guard_msgs/lib/python3.12/site-packages/vision_guard_msgs/vision_guard_msgs_s__rosidl_typesupport_fastrtps_c.so" to ""
[85.361s] -- Installing: /home/ironcladhealer769/Vision-Guard-using-ROS2-Jazzy/install/vision_guard_msgs/lib/python3.12/site-packages/vision_guard_msgs/vision_guard_msgs_s__rosidl_typesupport_introspection_c.so
[85.362s] -- Set non-toolchain portion of runtime path of "/home/ironcladhealer769/Vision-Guard-using-ROS2-Jazzy/install/vision_guard_msgs/lib/python3.12/site-packages/vision_guard_msgs/vision_guard_msgs_s__rosidl_typesupport_introspection_c.so" to ""
[85.362s] -- Installing: /home/ironcladhealer769/Vision-Guard-using-ROS2-Jazzy/install/vision_guard_msgs/lib/python3.12/site-packages/vision_guard_msgs/vision_guard_msgs_s__rosidl_typesupport_c.so
[85.363s] -- Set non-toolchain portion of runtime path of "/home/ironcladhealer769/Vision-Guard-using-ROS2-Jazzy/install/vision_guard_msgs/lib/python3.12/site-packages/vision_guard_msgs/vision_guard_msgs_s__rosidl_typesupport_c.so" to ""
[85.363s] -- Installing: /home/ironcladhealer769/Vision-Guard-using-ROS2-Jazzy/install/vision_guard_msgs/lib/libvision_guard_msgs__rosidl_generator_py.so
[85.364s] -- Set non-toolchain portion of runtime path of "/home/ironcladhealer769/Vision-Guard-using-ROS2-Jazzy/install/vision_guard_msgs/lib/libvision_guard_msgs__rosidl_generator_py.so" to ""
[85.364s] -- Installing: /home/ironcladhealer769/Vision-Guard-using-ROS2-Jazzy/install/vision_guard_msgs/share/ament_index/resource_index/rust_packages/vision_guard_msgs
[85.365s] -- Installing: /home/ironcladhealer769/Vision-Guard-using-ROS2-Jazzy/install/vision_guard_msgs/share/vision_guard_msgs/rust
[85.365s] -- Installing: /home/ironcladhealer769/Vision-Guard-using-ROS2-Jazzy/install/vision_guard_msgs/share/vision_guard_msgs/rust/src
[85.366s] -- Installing: /home/ironcladhealer769/Vision-Guard-using-ROS2-Jazzy/install/vision_guard_msgs/share/vision_guard_msgs/rust/src/msg.rs
[85.366s] -- Installing: /home/ironcladhealer769/Vision-Guard-using-ROS2-Jazzy/install/vision_guard_msgs/share/vision_guard_msgs/rust/src/msg
[85.367s] -- Installing: /home/ironcladhealer769/Vision-Guard-using-ROS2-Jazzy/install/vision_guard_msgs/share/vision_guard_msgs/rust/src/msg/rmw.rs
[85.367s] -- Installing: /home/ironcladhealer769/Vision-Guard-using-ROS2-Jazzy/install/vision_guard_msgs/share/vision_guard_msgs/rust/src/lib.rs
[85.367s] -- Installing: /home/ironcladhealer769/Vision-Guard-using-ROS2-Jazzy/install/vision_guard_msgs/share/vision_guard_msgs/rust/build.rs
[85.368s] -- Installing: /home/ironcladhealer769/Vision-Guard-using-ROS2-Jazzy/install/vision_guard_msgs/share/vision_guard_msgs/rust/Cargo.toml
[85.368s] -- Installing: /home/ironcladhealer769/Vision-Guard-using-ROS2-Jazzy/install/vision_guard_msgs/share/vision_guard_msgs/msg/Detection.idl
[85.368s] -- Installing: /home/ironcladhealer769/Vision-Guard-using-ROS2-Jazzy/install/vision_guard_msgs/share/vision_guard_msgs/msg/Detection.msg
[85.368s] -- Installing: /home/ironcladhealer769/Vision-Guard-using-ROS2-Jazzy/install/vision_guard_msgs/share/ament_index/resource_index/package_run_dependencies/vision_guard_msgs
[85.370s] -- Installing: /home/ironcladhealer769/Vision-Guard-using-ROS2-Jazzy/install/vision_guard_msgs/share/ament_index/resource_index/parent_prefix_path/vision_guard_msgs
[85.373s] -- Installing: /home/ironcladhealer769/Vision-Guard-using-ROS2-Jazzy/install/vision_guard_msgs/share/vision_guard_msgs/environment/ament_prefix_path.sh
[85.374s] -- Installing: /home/ironcladhealer769/Vision-Guard-using-ROS2-Jazzy/install/vision_guard_msgs/share/vision_guard_msgs/environment/ament_prefix_path.dsv
[85.377s] -- Installing: /home/ironcladhealer769/Vision-Guard-using-ROS2-Jazzy/install/vision_guard_msgs/share/vision_guard_msgs/environment/path.sh
[85.377s] -- Installing: /home/ironcladhealer769/Vision-Guard-using-ROS2-Jazzy/install/vision_guard_msgs/share/vision_guard_msgs/environment/path.dsv
[85.378s] -- Installing: /home/ironcladhealer769/Vision-Guard-using-ROS2-Jazzy/install/vision_guard_msgs/share/vision_guard_msgs/local_setup.bash
[85.378s] -- Installing: /home/ironcladhealer769/Vision-Guard-using-ROS2-Jazzy/install/vision_guard_msgs/share/vision_guard_msgs/local_setup.sh
[85.380s] -- Installing: /home/ironcladhealer769/Vision-Guard-using-ROS2-Jazzy/install/vision_guard_msgs/share/vision_guard_msgs/local_setup.zsh
[85.381s] -- Installing: /home/ironcladhealer769/Vision-Guard-using-ROS2-Jazzy/install/vision_guard_msgs/share/vision_guard_msgs/local_setup.dsv
[85.381s] -- Installing: /home/ironcladhealer769/Vision-Guard-using-ROS2-Jazzy/install/vision_guard_msgs/share/vision_guard_msgs/package.dsv
[85.383s] -- Installing: /home/ironcladhealer769/Vision-Guard-using-ROS2-Jazzy/install/vision_guard_msgs/share/ament_index/resource_index/packages/vision_guard_msgs
[85.384s] -- Installing: /home/ironcladhealer769/Vision-Guard-using-ROS2-Jazzy/install/vision_guard_msgs/share/vision_guard_msgs/cmake/export_vision_guard_msgs__rosidl_generator_cExport.cmake
[85.384s] -- Installing: /home/ironcladhealer769/Vision-Guard-using-ROS2-Jazzy/install/vision_guard_msgs/share/vision_guard_msgs/cmake/export_vision_guard_msgs__rosidl_generator_cExport-noconfig.cmake
[85.384s] -- Installing: /home/ironcladhealer769/Vision-Guard-using-ROS2-Jazzy/install/vision_guard_msgs/share/vision_guard_msgs/cmake/export_vision_guard_msgs__rosidl_typesupport_fastrtps_cExport.cmake
[85.384s] -- Installing: /home/ironcladhealer769/Vision-Guard-using-ROS2-Jazzy/install/vision_guard_msgs/share/vision_guard_msgs/cmake/export_vision_guard_msgs__rosidl_typesupport_fastrtps_cExport-noconfig.cmake
[85.385s] -- Installing: /home/ironcladhealer769/Vision-Guard-using-ROS2-Jazzy/install/vision_guard_msgs/share/vision_guard_msgs/cmake/vision_guard_msgs__rosidl_typesupport_introspection_cExport.cmake
[85.385s] -- Installing: /home/ironcladhealer769/Vision-Guard-using-ROS2-Jazzy/install/vision_guard_msgs/share/vision_guard_msgs/cmake/vision_guard_msgs__rosidl_typesupport_introspection_cExport-noconfig.cmake
[85.385s] -- Installing: /home/ironcladhealer769/Vision-Guard-using-ROS2-Jazzy/install/vision_guard_msgs/share/vision_guard_msgs/cmake/vision_guard_msgs__rosidl_typesupport_cExport.cmake
[85.385s] -- Installing: /home/ironcladhealer769/Vision-Guard-using-ROS2-Jazzy/install/vision_guard_msgs/share/vision_guard_msgs/cmake/vision_guard_msgs__rosidl_typesupport_cExport-noconfig.cmake
[85.386s] -- Installing: /home/ironcladhealer769/Vision-Guard-using-ROS2-Jazzy/install/vision_guard_msgs/share/vision_guard_msgs/cmake/export_vision_guard_msgs__rosidl_generator_cppExport.cmake
[85.386s] -- Installing: /home/ironcladhealer769/Vision-Guard-using-ROS2-Jazzy/install/vision_guard_msgs/share/vision_guard_msgs/cmake/export_vision_guard_msgs__rosidl_typesupport_fastrtps_cppExport.cmake
[85.386s] -- Installing: /home/ironcladhealer769/Vision-Guard-using-ROS2-Jazzy/install/vision_guard_msgs/share/vision_guard_msgs/cmake/export_vision_guard_msgs__rosidl_typesupport_fastrtps_cppExport-noconfig.cmake
[85.387s] -- Installing: /home/ironcladhealer769/Vision-Guard-using-ROS2-Jazzy/install/vision_guard_msgs/share/vision_guard_msgs/cmake/vision_guard_msgs__rosidl_typesupport_introspection_cppExport.cmake
[85.387s] -- Installing: /home/ironcladhealer769/Vision-Guard-using-ROS2-Jazzy/install/vision_guard_msgs/share/vision_guard_msgs/cmake/vision_guard_msgs__rosidl_typesupport_introspection_cppExport-noconfig.cmake
[85.387s] -- Installing: /home/ironcladhealer769/Vision-Guard-using-ROS2-Jazzy/install/vision_guard_msgs/share/vision_guard_msgs/cmake/vision_guard_msgs__rosidl_typesupport_cppExport.cmake
[85.387s] -- Installing: /home/ironcladhealer769/Vision-Guard-using-ROS2-Jazzy/install/vision_guard_msgs/share/vision_guard_msgs/cmake/vision_guard_msgs__rosidl_typesupport_cppExport-noconfig.cmake
[85.388s] -- Installing: /home/ironcladhealer769/Vision-Guard-using-ROS2-Jazzy/install/vision_guard_msgs/share/vision_guard_msgs/cmake/export_vision_guard_msgs__rosidl_generator_pyExport.cmake
[85.388s] -- Installing: /home/ironcladhealer769/Vision-Guard-using-ROS2-Jazzy/install/vision_guard_msgs/share/vision_guard_msgs/cmake/export_vision_guard_msgs__rosidl_generator_pyExport-noconfig.cmake
[85.388s] -- Installing: /home/ironcladhealer769/Vision-Guard-using-ROS2-Jazzy/install/vision_guard_msgs/share/vision_guard_msgs/cmake/rosidl_cmake-extras.cmake
[85.389s] -- Installing: /home/ironcladhealer769/Vision-Guard-using-ROS2-Jazzy/install/vision_guard_msgs/share/vision_guard_msgs/cmake/ament_cmake_export_include_directories-extras.cmake
[85.389s] -- Installing: /home/ironcladhealer769/Vision-Guard-using-ROS2-Jazzy/install/vision_guard_msgs/share/vision_guard_msgs/cmake/ament_cmake_export_libraries-extras.cmake
[85.389s] -- Installing: /home/ironcladhealer769/Vision-Guard-using-ROS2-Jazzy/install/vision_guard_msgs/share/vision_guard_msgs/cmake/ament_cmake_export_targets-extras.cmake
[85.390s] -- Installing: /home/ironcladhealer769/Vision-Guard-using-ROS2-Jazzy/install/vision_guard_msgs/share/vision_guard_msgs/cmake/rosidl_cmake_export_typesupport_targets-extras.cmake
[85.390s] -- Installing: /home/ironcladhealer769/Vision-Guard-using-ROS2-Jazzy/install/vision_guard_msgs/share/vision_guard_msgs/cmake/ament_cmake_export_dependencies-extras.cmake
[85.390s] -- Installing: /home/ironcladhealer769/Vision-Guard-using-ROS2-Jazzy/install/vision_guard_msgs/share/vision_guard_msgs/cmake/rosidl_cmake_export_typesupport_libraries-extras.cmake
[85.390s] -- Installing: /home/ironcladhealer769/Vision-Guard-using-ROS2-Jazzy/install/vision_guard_msgs/share/vision_guard_msgs/cmake/vision_guard_msgsConfig.cmake
[85.390s] -- Installing: /home/ironcladhealer769/Vision-Guard-using-ROS2-Jazzy/install/vision_guard_msgs/share/vision_guard_msgs/cmake/vision_guard_msgsConfig-version.cmake
[85.393s] -- Installing: /home/ironcladhealer769/Vision-Guard-using-ROS2-Jazzy/install/vision_guard_msgs/share/vision_guard_msgs/package.xml
[85.398s] Invoked command in '/home/ironcladhealer769/Vision-Guard-using-ROS2-Jazzy/build/vision_guard_msgs' returned '0': CMAKE_PREFIX_PATH=${CMAKE_PREFIX_PATH}:/opt/ros/jazzy /usr/bin/cmake --install /home/ironcladhealer769/Vision-Guard-using-ROS2-Jazzy/build/vision_guard_msgs
